   1              		.syntax unified
   2              		.cpu cortex-m3
   3              		.fpu softvfp
   4              		.eabi_attribute 20, 1
   5              		.eabi_attribute 21, 1
   6              		.eabi_attribute 23, 3
   7              		.eabi_attribute 24, 1
   8              		.eabi_attribute 25, 1
   9              		.eabi_attribute 26, 1
  10              		.eabi_attribute 30, 4
  11              		.eabi_attribute 18, 4
  12              		.thumb
  13              		.file	"stm32f10x_dbgmcu.c"
  23              	.Ltext0:
  24              		.file 1 "../Libraries/STM32F10x_StdPeriph_Driver/src/stm32f10x_dbgmcu.c"
 18467              		.align	1
 18468              		.global	DBGMCU_GetREVID
 18469              		.thumb
 18470              		.thumb_func
 18472              	DBGMCU_GetREVID:
 18473              	.LFB29:
   1:../Libraries/STM32F10x_StdPeriph_Driver/src/stm32f10x_dbgmcu.c **** /**
   2:../Libraries/STM32F10x_StdPeriph_Driver/src/stm32f10x_dbgmcu.c ****   ******************************************************************************
   3:../Libraries/STM32F10x_StdPeriph_Driver/src/stm32f10x_dbgmcu.c ****   * @file    stm32f10x_dbgmcu.c
   4:../Libraries/STM32F10x_StdPeriph_Driver/src/stm32f10x_dbgmcu.c ****   * @author  MCD Application Team
   5:../Libraries/STM32F10x_StdPeriph_Driver/src/stm32f10x_dbgmcu.c ****   * @version V3.5.0
   6:../Libraries/STM32F10x_StdPeriph_Driver/src/stm32f10x_dbgmcu.c ****   * @date    11-March-2011
   7:../Libraries/STM32F10x_StdPeriph_Driver/src/stm32f10x_dbgmcu.c ****   * @brief   This file provides all the DBGMCU firmware functions.
   8:../Libraries/STM32F10x_StdPeriph_Driver/src/stm32f10x_dbgmcu.c ****   ******************************************************************************
   9:../Libraries/STM32F10x_StdPeriph_Driver/src/stm32f10x_dbgmcu.c ****   * @attention
  10:../Libraries/STM32F10x_StdPeriph_Driver/src/stm32f10x_dbgmcu.c ****   *
  11:../Libraries/STM32F10x_StdPeriph_Driver/src/stm32f10x_dbgmcu.c ****   * THE PRESENT FIRMWARE WHICH IS FOR GUIDANCE ONLY AIMS AT PROVIDING CUSTOMERS
  12:../Libraries/STM32F10x_StdPeriph_Driver/src/stm32f10x_dbgmcu.c ****   * WITH CODING INFORMATION REGARDING THEIR PRODUCTS IN ORDER FOR THEM TO SAVE
  13:../Libraries/STM32F10x_StdPeriph_Driver/src/stm32f10x_dbgmcu.c ****   * TIME. AS A RESULT, STMICROELECTRONICS SHALL NOT BE HELD LIABLE FOR ANY
  14:../Libraries/STM32F10x_StdPeriph_Driver/src/stm32f10x_dbgmcu.c ****   * DIRECT, INDIRECT OR CONSEQUENTIAL DAMAGES WITH RESPECT TO ANY CLAIMS ARISING
  15:../Libraries/STM32F10x_StdPeriph_Driver/src/stm32f10x_dbgmcu.c ****   * FROM THE CONTENT OF SUCH FIRMWARE AND/OR THE USE MADE BY CUSTOMERS OF THE
  16:../Libraries/STM32F10x_StdPeriph_Driver/src/stm32f10x_dbgmcu.c ****   * CODING INFORMATION CONTAINED HEREIN IN CONNECTION WITH THEIR PRODUCTS.
  17:../Libraries/STM32F10x_StdPeriph_Driver/src/stm32f10x_dbgmcu.c ****   *
  18:../Libraries/STM32F10x_StdPeriph_Driver/src/stm32f10x_dbgmcu.c ****   * <h2><center>&copy; COPYRIGHT 2011 STMicroelectronics</center></h2>
  19:../Libraries/STM32F10x_StdPeriph_Driver/src/stm32f10x_dbgmcu.c ****   ******************************************************************************
  20:../Libraries/STM32F10x_StdPeriph_Driver/src/stm32f10x_dbgmcu.c ****   */
  21:../Libraries/STM32F10x_StdPeriph_Driver/src/stm32f10x_dbgmcu.c **** 
  22:../Libraries/STM32F10x_StdPeriph_Driver/src/stm32f10x_dbgmcu.c **** /* Includes ------------------------------------------------------------------*/
  23:../Libraries/STM32F10x_StdPeriph_Driver/src/stm32f10x_dbgmcu.c **** #include "stm32f10x_dbgmcu.h"
  24:../Libraries/STM32F10x_StdPeriph_Driver/src/stm32f10x_dbgmcu.c **** 
  25:../Libraries/STM32F10x_StdPeriph_Driver/src/stm32f10x_dbgmcu.c **** /** @addtogroup STM32F10x_StdPeriph_Driver
  26:../Libraries/STM32F10x_StdPeriph_Driver/src/stm32f10x_dbgmcu.c ****   * @{
  27:../Libraries/STM32F10x_StdPeriph_Driver/src/stm32f10x_dbgmcu.c ****   */
  28:../Libraries/STM32F10x_StdPeriph_Driver/src/stm32f10x_dbgmcu.c **** 
  29:../Libraries/STM32F10x_StdPeriph_Driver/src/stm32f10x_dbgmcu.c **** /** @defgroup DBGMCU 
  30:../Libraries/STM32F10x_StdPeriph_Driver/src/stm32f10x_dbgmcu.c ****   * @brief DBGMCU driver modules
  31:../Libraries/STM32F10x_StdPeriph_Driver/src/stm32f10x_dbgmcu.c ****   * @{
  32:../Libraries/STM32F10x_StdPeriph_Driver/src/stm32f10x_dbgmcu.c ****   */ 
  33:../Libraries/STM32F10x_StdPeriph_Driver/src/stm32f10x_dbgmcu.c **** 
  34:../Libraries/STM32F10x_StdPeriph_Driver/src/stm32f10x_dbgmcu.c **** /** @defgroup DBGMCU_Private_TypesDefinitions
  35:../Libraries/STM32F10x_StdPeriph_Driver/src/stm32f10x_dbgmcu.c ****   * @{
  36:../Libraries/STM32F10x_StdPeriph_Driver/src/stm32f10x_dbgmcu.c ****   */
  37:../Libraries/STM32F10x_StdPeriph_Driver/src/stm32f10x_dbgmcu.c **** 
  38:../Libraries/STM32F10x_StdPeriph_Driver/src/stm32f10x_dbgmcu.c **** /**
  39:../Libraries/STM32F10x_StdPeriph_Driver/src/stm32f10x_dbgmcu.c ****   * @}
  40:../Libraries/STM32F10x_StdPeriph_Driver/src/stm32f10x_dbgmcu.c ****   */
  41:../Libraries/STM32F10x_StdPeriph_Driver/src/stm32f10x_dbgmcu.c **** 
  42:../Libraries/STM32F10x_StdPeriph_Driver/src/stm32f10x_dbgmcu.c **** /** @defgroup DBGMCU_Private_Defines
  43:../Libraries/STM32F10x_StdPeriph_Driver/src/stm32f10x_dbgmcu.c ****   * @{
  44:../Libraries/STM32F10x_StdPeriph_Driver/src/stm32f10x_dbgmcu.c ****   */
  45:../Libraries/STM32F10x_StdPeriph_Driver/src/stm32f10x_dbgmcu.c **** 
  46:../Libraries/STM32F10x_StdPeriph_Driver/src/stm32f10x_dbgmcu.c **** #define IDCODE_DEVID_MASK    ((uint32_t)0x00000FFF)
  47:../Libraries/STM32F10x_StdPeriph_Driver/src/stm32f10x_dbgmcu.c **** /**
  48:../Libraries/STM32F10x_StdPeriph_Driver/src/stm32f10x_dbgmcu.c ****   * @}
  49:../Libraries/STM32F10x_StdPeriph_Driver/src/stm32f10x_dbgmcu.c ****   */
  50:../Libraries/STM32F10x_StdPeriph_Driver/src/stm32f10x_dbgmcu.c **** 
  51:../Libraries/STM32F10x_StdPeriph_Driver/src/stm32f10x_dbgmcu.c **** /** @defgroup DBGMCU_Private_Macros
  52:../Libraries/STM32F10x_StdPeriph_Driver/src/stm32f10x_dbgmcu.c ****   * @{
  53:../Libraries/STM32F10x_StdPeriph_Driver/src/stm32f10x_dbgmcu.c ****   */
  54:../Libraries/STM32F10x_StdPeriph_Driver/src/stm32f10x_dbgmcu.c **** 
  55:../Libraries/STM32F10x_StdPeriph_Driver/src/stm32f10x_dbgmcu.c **** /**
  56:../Libraries/STM32F10x_StdPeriph_Driver/src/stm32f10x_dbgmcu.c ****   * @}
  57:../Libraries/STM32F10x_StdPeriph_Driver/src/stm32f10x_dbgmcu.c ****   */
  58:../Libraries/STM32F10x_StdPeriph_Driver/src/stm32f10x_dbgmcu.c **** 
  59:../Libraries/STM32F10x_StdPeriph_Driver/src/stm32f10x_dbgmcu.c **** /** @defgroup DBGMCU_Private_Variables
  60:../Libraries/STM32F10x_StdPeriph_Driver/src/stm32f10x_dbgmcu.c ****   * @{
  61:../Libraries/STM32F10x_StdPeriph_Driver/src/stm32f10x_dbgmcu.c ****   */
  62:../Libraries/STM32F10x_StdPeriph_Driver/src/stm32f10x_dbgmcu.c **** 
  63:../Libraries/STM32F10x_StdPeriph_Driver/src/stm32f10x_dbgmcu.c **** /**
  64:../Libraries/STM32F10x_StdPeriph_Driver/src/stm32f10x_dbgmcu.c ****   * @}
  65:../Libraries/STM32F10x_StdPeriph_Driver/src/stm32f10x_dbgmcu.c ****   */
  66:../Libraries/STM32F10x_StdPeriph_Driver/src/stm32f10x_dbgmcu.c **** 
  67:../Libraries/STM32F10x_StdPeriph_Driver/src/stm32f10x_dbgmcu.c **** /** @defgroup DBGMCU_Private_FunctionPrototypes
  68:../Libraries/STM32F10x_StdPeriph_Driver/src/stm32f10x_dbgmcu.c ****   * @{
  69:../Libraries/STM32F10x_StdPeriph_Driver/src/stm32f10x_dbgmcu.c ****   */
  70:../Libraries/STM32F10x_StdPeriph_Driver/src/stm32f10x_dbgmcu.c **** 
  71:../Libraries/STM32F10x_StdPeriph_Driver/src/stm32f10x_dbgmcu.c **** /**
  72:../Libraries/STM32F10x_StdPeriph_Driver/src/stm32f10x_dbgmcu.c ****   * @}
  73:../Libraries/STM32F10x_StdPeriph_Driver/src/stm32f10x_dbgmcu.c ****   */
  74:../Libraries/STM32F10x_StdPeriph_Driver/src/stm32f10x_dbgmcu.c **** 
  75:../Libraries/STM32F10x_StdPeriph_Driver/src/stm32f10x_dbgmcu.c **** /** @defgroup DBGMCU_Private_Functions
  76:../Libraries/STM32F10x_StdPeriph_Driver/src/stm32f10x_dbgmcu.c ****   * @{
  77:../Libraries/STM32F10x_StdPeriph_Driver/src/stm32f10x_dbgmcu.c ****   */
  78:../Libraries/STM32F10x_StdPeriph_Driver/src/stm32f10x_dbgmcu.c **** 
  79:../Libraries/STM32F10x_StdPeriph_Driver/src/stm32f10x_dbgmcu.c **** /**
  80:../Libraries/STM32F10x_StdPeriph_Driver/src/stm32f10x_dbgmcu.c ****   * @brief  Returns the device revision identifier.
  81:../Libraries/STM32F10x_StdPeriph_Driver/src/stm32f10x_dbgmcu.c ****   * @param  None
  82:../Libraries/STM32F10x_StdPeriph_Driver/src/stm32f10x_dbgmcu.c ****   * @retval Device revision identifier
  83:../Libraries/STM32F10x_StdPeriph_Driver/src/stm32f10x_dbgmcu.c ****   */
  84:../Libraries/STM32F10x_StdPeriph_Driver/src/stm32f10x_dbgmcu.c **** uint32_t DBGMCU_GetREVID(void)
  85:../Libraries/STM32F10x_StdPeriph_Driver/src/stm32f10x_dbgmcu.c **** {
 18474              		.loc 1 85 0
 18475              		.cfi_startproc
 18476              		@ args = 0, pretend = 0, frame = 0
 18477              		@ frame_needed = 0, uses_anonymous_args = 0
 18478              		@ link register save eliminated.
  86:../Libraries/STM32F10x_StdPeriph_Driver/src/stm32f10x_dbgmcu.c ****    return(DBGMCU->IDCODE >> 16);
 18479              		.loc 1 86 0
 18480 0000 014B     		ldr	r3, .L2
 18481 0002 1868     		ldr	r0, [r3, #0]
  87:../Libraries/STM32F10x_StdPeriph_Driver/src/stm32f10x_dbgmcu.c **** }
 18482              		.loc 1 87 0
 18483 0004 000C     		lsrs	r0, r0, #16
 18484 0006 7047     		bx	lr
 18485              	.L3:
 18486              		.align	2
 18487              	.L2:
 18488 0008 002004E0 		.word	-536600576
 18489              		.cfi_endproc
 18490              	.LFE29:
 18492              		.section	.text.DBGMCU_GetDEVID,"ax",%progbits
 18493              		.align	1
 18494              		.global	DBGMCU_GetDEVID
 18495              		.thumb
 18496              		.thumb_func
 18498              	DBGMCU_GetDEVID:
 18499              	.LFB30:
  88:../Libraries/STM32F10x_StdPeriph_Driver/src/stm32f10x_dbgmcu.c **** 
  89:../Libraries/STM32F10x_StdPeriph_Driver/src/stm32f10x_dbgmcu.c **** /**
  90:../Libraries/STM32F10x_StdPeriph_Driver/src/stm32f10x_dbgmcu.c ****   * @brief  Returns the device identifier.
  91:../Libraries/STM32F10x_StdPeriph_Driver/src/stm32f10x_dbgmcu.c ****   * @param  None
  92:../Libraries/STM32F10x_StdPeriph_Driver/src/stm32f10x_dbgmcu.c ****   * @retval Device identifier
  93:../Libraries/STM32F10x_StdPeriph_Driver/src/stm32f10x_dbgmcu.c ****   */
  94:../Libraries/STM32F10x_StdPeriph_Driver/src/stm32f10x_dbgmcu.c **** uint32_t DBGMCU_GetDEVID(void)
  95:../Libraries/STM32F10x_StdPeriph_Driver/src/stm32f10x_dbgmcu.c **** {
 18500              		.loc 1 95 0
 18501              		.cfi_startproc
 18502              		@ args = 0, pretend = 0, frame = 0
 18503              		@ frame_needed = 0, uses_anonymous_args = 0
 18504              		@ link register save eliminated.
  96:../Libraries/STM32F10x_StdPeriph_Driver/src/stm32f10x_dbgmcu.c ****    return(DBGMCU->IDCODE & IDCODE_DEVID_MASK);
 18505              		.loc 1 96 0
 18506 0000 024B     		ldr	r3, .L5
 18507 0002 1868     		ldr	r0, [r3, #0]
  97:../Libraries/STM32F10x_StdPeriph_Driver/src/stm32f10x_dbgmcu.c **** }
 18508              		.loc 1 97 0
 18509 0004 0005     		lsls	r0, r0, #20
 18510 0006 000D     		lsrs	r0, r0, #20
 18511 0008 7047     		bx	lr
 18512              	.L6:
 18513 000a 00BF     		.align	2
 18514              	.L5:
 18515 000c 002004E0 		.word	-536600576
 18516              		.cfi_endproc
 18517              	.LFE30:
 18519              		.section	.text.DBGMCU_Config,"ax",%progbits
 18520              		.align	1
 18521              		.global	DBGMCU_Config
 18522              		.thumb
 18523              		.thumb_func
 18525              	DBGMCU_Config:
 18526              	.LFB31:
  98:../Libraries/STM32F10x_StdPeriph_Driver/src/stm32f10x_dbgmcu.c **** 
  99:../Libraries/STM32F10x_StdPeriph_Driver/src/stm32f10x_dbgmcu.c **** /**
 100:../Libraries/STM32F10x_StdPeriph_Driver/src/stm32f10x_dbgmcu.c ****   * @brief  Configures the specified peripheral and low power mode behavior
 101:../Libraries/STM32F10x_StdPeriph_Driver/src/stm32f10x_dbgmcu.c ****   *   when the MCU under Debug mode.
 102:../Libraries/STM32F10x_StdPeriph_Driver/src/stm32f10x_dbgmcu.c ****   * @param  DBGMCU_Periph: specifies the peripheral and low power mode.
 103:../Libraries/STM32F10x_StdPeriph_Driver/src/stm32f10x_dbgmcu.c ****   *   This parameter can be any combination of the following values:
 104:../Libraries/STM32F10x_StdPeriph_Driver/src/stm32f10x_dbgmcu.c ****   *     @arg DBGMCU_SLEEP: Keep debugger connection during SLEEP mode              
 105:../Libraries/STM32F10x_StdPeriph_Driver/src/stm32f10x_dbgmcu.c ****   *     @arg DBGMCU_STOP: Keep debugger connection during STOP mode               
 106:../Libraries/STM32F10x_StdPeriph_Driver/src/stm32f10x_dbgmcu.c ****   *     @arg DBGMCU_STANDBY: Keep debugger connection during STANDBY mode            
 107:../Libraries/STM32F10x_StdPeriph_Driver/src/stm32f10x_dbgmcu.c ****   *     @arg DBGMCU_IWDG_STOP: Debug IWDG stopped when Core is halted          
 108:../Libraries/STM32F10x_StdPeriph_Driver/src/stm32f10x_dbgmcu.c ****   *     @arg DBGMCU_WWDG_STOP: Debug WWDG stopped when Core is halted          
 109:../Libraries/STM32F10x_StdPeriph_Driver/src/stm32f10x_dbgmcu.c ****   *     @arg DBGMCU_TIM1_STOP: TIM1 counter stopped when Core is halted          
 110:../Libraries/STM32F10x_StdPeriph_Driver/src/stm32f10x_dbgmcu.c ****   *     @arg DBGMCU_TIM2_STOP: TIM2 counter stopped when Core is halted          
 111:../Libraries/STM32F10x_StdPeriph_Driver/src/stm32f10x_dbgmcu.c ****   *     @arg DBGMCU_TIM3_STOP: TIM3 counter stopped when Core is halted          
 112:../Libraries/STM32F10x_StdPeriph_Driver/src/stm32f10x_dbgmcu.c ****   *     @arg DBGMCU_TIM4_STOP: TIM4 counter stopped when Core is halted          
 113:../Libraries/STM32F10x_StdPeriph_Driver/src/stm32f10x_dbgmcu.c ****   *     @arg DBGMCU_CAN1_STOP: Debug CAN2 stopped when Core is halted           
 114:../Libraries/STM32F10x_StdPeriph_Driver/src/stm32f10x_dbgmcu.c ****   *     @arg DBGMCU_I2C1_SMBUS_TIMEOUT: I2C1 SMBUS timeout mode stopped when Core is halted
 115:../Libraries/STM32F10x_StdPeriph_Driver/src/stm32f10x_dbgmcu.c ****   *     @arg DBGMCU_I2C2_SMBUS_TIMEOUT: I2C2 SMBUS timeout mode stopped when Core is halted
 116:../Libraries/STM32F10x_StdPeriph_Driver/src/stm32f10x_dbgmcu.c ****   *     @arg DBGMCU_TIM5_STOP: TIM5 counter stopped when Core is halted          
 117:../Libraries/STM32F10x_StdPeriph_Driver/src/stm32f10x_dbgmcu.c ****   *     @arg DBGMCU_TIM6_STOP: TIM6 counter stopped when Core is halted          
 118:../Libraries/STM32F10x_StdPeriph_Driver/src/stm32f10x_dbgmcu.c ****   *     @arg DBGMCU_TIM7_STOP: TIM7 counter stopped when Core is halted          
 119:../Libraries/STM32F10x_StdPeriph_Driver/src/stm32f10x_dbgmcu.c ****   *     @arg DBGMCU_TIM8_STOP: TIM8 counter stopped when Core is halted
 120:../Libraries/STM32F10x_StdPeriph_Driver/src/stm32f10x_dbgmcu.c ****   *     @arg DBGMCU_CAN2_STOP: Debug CAN2 stopped when Core is halted 
 121:../Libraries/STM32F10x_StdPeriph_Driver/src/stm32f10x_dbgmcu.c ****   *     @arg DBGMCU_TIM15_STOP: TIM15 counter stopped when Core is halted
 122:../Libraries/STM32F10x_StdPeriph_Driver/src/stm32f10x_dbgmcu.c ****   *     @arg DBGMCU_TIM16_STOP: TIM16 counter stopped when Core is halted
 123:../Libraries/STM32F10x_StdPeriph_Driver/src/stm32f10x_dbgmcu.c ****   *     @arg DBGMCU_TIM17_STOP: TIM17 counter stopped when Core is halted                
 124:../Libraries/STM32F10x_StdPeriph_Driver/src/stm32f10x_dbgmcu.c ****   *     @arg DBGMCU_TIM9_STOP: TIM9 counter stopped when Core is halted
 125:../Libraries/STM32F10x_StdPeriph_Driver/src/stm32f10x_dbgmcu.c ****   *     @arg DBGMCU_TIM10_STOP: TIM10 counter stopped when Core is halted
 126:../Libraries/STM32F10x_StdPeriph_Driver/src/stm32f10x_dbgmcu.c ****   *     @arg DBGMCU_TIM11_STOP: TIM11 counter stopped when Core is halted
 127:../Libraries/STM32F10x_StdPeriph_Driver/src/stm32f10x_dbgmcu.c ****   *     @arg DBGMCU_TIM12_STOP: TIM12 counter stopped when Core is halted
 128:../Libraries/STM32F10x_StdPeriph_Driver/src/stm32f10x_dbgmcu.c ****   *     @arg DBGMCU_TIM13_STOP: TIM13 counter stopped when Core is halted
 129:../Libraries/STM32F10x_StdPeriph_Driver/src/stm32f10x_dbgmcu.c ****   *     @arg DBGMCU_TIM14_STOP: TIM14 counter stopped when Core is halted
 130:../Libraries/STM32F10x_StdPeriph_Driver/src/stm32f10x_dbgmcu.c ****   * @param  NewState: new state of the specified peripheral in Debug mode.
 131:../Libraries/STM32F10x_StdPeriph_Driver/src/stm32f10x_dbgmcu.c ****   *   This parameter can be: ENABLE or DISABLE.
 132:../Libraries/STM32F10x_StdPeriph_Driver/src/stm32f10x_dbgmcu.c ****   * @retval None
 133:../Libraries/STM32F10x_StdPeriph_Driver/src/stm32f10x_dbgmcu.c ****   */
 134:../Libraries/STM32F10x_StdPeriph_Driver/src/stm32f10x_dbgmcu.c **** void DBGMCU_Config(uint32_t DBGMCU_Periph, FunctionalState NewState)
 135:../Libraries/STM32F10x_StdPeriph_Driver/src/stm32f10x_dbgmcu.c **** {
 18527              		.loc 1 135 0
 18528              		.cfi_startproc
 18529              		@ args = 0, pretend = 0, frame = 0
 18530              		@ frame_needed = 0, uses_anonymous_args = 0
 18531              		@ link register save eliminated.
 18532              	.LVL0:
 18533 0000 044B     		ldr	r3, .L11
 136:../Libraries/STM32F10x_StdPeriph_Driver/src/stm32f10x_dbgmcu.c ****   /* Check the parameters */
 137:../Libraries/STM32F10x_StdPeriph_Driver/src/stm32f10x_dbgmcu.c ****   assert_param(IS_DBGMCU_PERIPH(DBGMCU_Periph));
 138:../Libraries/STM32F10x_StdPeriph_Driver/src/stm32f10x_dbgmcu.c ****   assert_param(IS_FUNCTIONAL_STATE(NewState));
 139:../Libraries/STM32F10x_StdPeriph_Driver/src/stm32f10x_dbgmcu.c **** 
 140:../Libraries/STM32F10x_StdPeriph_Driver/src/stm32f10x_dbgmcu.c ****   if (NewState != DISABLE)
 18534              		.loc 1 140 0
 18535 0002 11B1     		cbz	r1, .L8
 141:../Libraries/STM32F10x_StdPeriph_Driver/src/stm32f10x_dbgmcu.c ****   {
 142:../Libraries/STM32F10x_StdPeriph_Driver/src/stm32f10x_dbgmcu.c ****     DBGMCU->CR |= DBGMCU_Periph;
 18536              		.loc 1 142 0
 18537 0004 5A68     		ldr	r2, [r3, #4]
 18538 0006 1043     		orrs	r0, r0, r2
 18539              	.LVL1:
 18540 0008 02E0     		b	.L10
 18541              	.LVL2:
 18542              	.L8:
 143:../Libraries/STM32F10x_StdPeriph_Driver/src/stm32f10x_dbgmcu.c ****   }
 144:../Libraries/STM32F10x_StdPeriph_Driver/src/stm32f10x_dbgmcu.c ****   else
 145:../Libraries/STM32F10x_StdPeriph_Driver/src/stm32f10x_dbgmcu.c ****   {
 146:../Libraries/STM32F10x_StdPeriph_Driver/src/stm32f10x_dbgmcu.c ****     DBGMCU->CR &= ~DBGMCU_Periph;
 18543              		.loc 1 146 0
 18544 000a 5A68     		ldr	r2, [r3, #4]
 18545 000c 22EA0000 		bic	r0, r2, r0
 18546              	.LVL3:
 18547              	.L10:
 18548 0010 5860     		str	r0, [r3, #4]
 18549 0012 7047     		bx	lr
 18550              	.L12:
 18551              		.align	2
 18552              	.L11:
 18553 0014 002004E0 		.word	-536600576
 18554              		.cfi_endproc
 18555              	.LFE31:
 18557              		.text
 18558              	.Letext0:
DEFINED SYMBOLS
                            *ABS*:00000000 stm32f10x_dbgmcu.c
     /tmp/ccQ5sWIJ.s:18467  .text.DBGMCU_GetREVID:00000000 $t
     /tmp/ccQ5sWIJ.s:18472  .text.DBGMCU_GetREVID:00000000 DBGMCU_GetREVID
     /tmp/ccQ5sWIJ.s:18488  .text.DBGMCU_GetREVID:00000008 $d
     /tmp/ccQ5sWIJ.s:18493  .text.DBGMCU_GetDEVID:00000000 $t
     /tmp/ccQ5sWIJ.s:18498  .text.DBGMCU_GetDEVID:00000000 DBGMCU_GetDEVID
     /tmp/ccQ5sWIJ.s:18515  .text.DBGMCU_GetDEVID:0000000c $d
     /tmp/ccQ5sWIJ.s:18520  .text.DBGMCU_Config:00000000 $t
     /tmp/ccQ5sWIJ.s:18525  .text.DBGMCU_Config:00000000 DBGMCU_Config
     /tmp/ccQ5sWIJ.s:18553  .text.DBGMCU_Config:00000014 $d
                     .debug_frame:00000010 $d

NO UNDEFINED SYMBOLS
