   1              		.syntax unified
   2              		.cpu cortex-m3
   3              		.fpu softvfp
   4              		.eabi_attribute 20, 1
   5              		.eabi_attribute 21, 1
   6              		.eabi_attribute 23, 3
   7              		.eabi_attribute 24, 1
   8              		.eabi_attribute 25, 1
   9              		.eabi_attribute 26, 1
  10              		.eabi_attribute 30, 4
  11              		.eabi_attribute 18, 4
  12              		.thumb
  13              		.file	"stm32f10x_iwdg.c"
  23              	.Ltext0:
  24              		.file 1 "../Libraries/STM32F10x_StdPeriph_Driver/src/stm32f10x_iwdg.c"
 18441              		.align	1
 18442              		.global	IWDG_WriteAccessCmd
 18443              		.thumb
 18444              		.thumb_func
 18446              	IWDG_WriteAccessCmd:
 18447              	.LFB29:
   1:../Libraries/STM32F10x_StdPeriph_Driver/src/stm32f10x_iwdg.c **** /**
   2:../Libraries/STM32F10x_StdPeriph_Driver/src/stm32f10x_iwdg.c ****   ******************************************************************************
   3:../Libraries/STM32F10x_StdPeriph_Driver/src/stm32f10x_iwdg.c ****   * @file    stm32f10x_iwdg.c
   4:../Libraries/STM32F10x_StdPeriph_Driver/src/stm32f10x_iwdg.c ****   * @author  MCD Application Team
   5:../Libraries/STM32F10x_StdPeriph_Driver/src/stm32f10x_iwdg.c ****   * @version V3.5.0
   6:../Libraries/STM32F10x_StdPeriph_Driver/src/stm32f10x_iwdg.c ****   * @date    11-March-2011
   7:../Libraries/STM32F10x_StdPeriph_Driver/src/stm32f10x_iwdg.c ****   * @brief   This file provides all the IWDG firmware functions.
   8:../Libraries/STM32F10x_StdPeriph_Driver/src/stm32f10x_iwdg.c ****   ******************************************************************************
   9:../Libraries/STM32F10x_StdPeriph_Driver/src/stm32f10x_iwdg.c ****   * @attention
  10:../Libraries/STM32F10x_StdPeriph_Driver/src/stm32f10x_iwdg.c ****   *
  11:../Libraries/STM32F10x_StdPeriph_Driver/src/stm32f10x_iwdg.c ****   * THE PRESENT FIRMWARE WHICH IS FOR GUIDANCE ONLY AIMS AT PROVIDING CUSTOMERS
  12:../Libraries/STM32F10x_StdPeriph_Driver/src/stm32f10x_iwdg.c ****   * WITH CODING INFORMATION REGARDING THEIR PRODUCTS IN ORDER FOR THEM TO SAVE
  13:../Libraries/STM32F10x_StdPeriph_Driver/src/stm32f10x_iwdg.c ****   * TIME. AS A RESULT, STMICROELECTRONICS SHALL NOT BE HELD LIABLE FOR ANY
  14:../Libraries/STM32F10x_StdPeriph_Driver/src/stm32f10x_iwdg.c ****   * DIRECT, INDIRECT OR CONSEQUENTIAL DAMAGES WITH RESPECT TO ANY CLAIMS ARISING
  15:../Libraries/STM32F10x_StdPeriph_Driver/src/stm32f10x_iwdg.c ****   * FROM THE CONTENT OF SUCH FIRMWARE AND/OR THE USE MADE BY CUSTOMERS OF THE
  16:../Libraries/STM32F10x_StdPeriph_Driver/src/stm32f10x_iwdg.c ****   * CODING INFORMATION CONTAINED HEREIN IN CONNECTION WITH THEIR PRODUCTS.
  17:../Libraries/STM32F10x_StdPeriph_Driver/src/stm32f10x_iwdg.c ****   *
  18:../Libraries/STM32F10x_StdPeriph_Driver/src/stm32f10x_iwdg.c ****   * <h2><center>&copy; COPYRIGHT 2011 STMicroelectronics</center></h2>
  19:../Libraries/STM32F10x_StdPeriph_Driver/src/stm32f10x_iwdg.c ****   ******************************************************************************
  20:../Libraries/STM32F10x_StdPeriph_Driver/src/stm32f10x_iwdg.c ****   */
  21:../Libraries/STM32F10x_StdPeriph_Driver/src/stm32f10x_iwdg.c **** 
  22:../Libraries/STM32F10x_StdPeriph_Driver/src/stm32f10x_iwdg.c **** /* Includes ------------------------------------------------------------------*/
  23:../Libraries/STM32F10x_StdPeriph_Driver/src/stm32f10x_iwdg.c **** #include "stm32f10x_iwdg.h"
  24:../Libraries/STM32F10x_StdPeriph_Driver/src/stm32f10x_iwdg.c **** 
  25:../Libraries/STM32F10x_StdPeriph_Driver/src/stm32f10x_iwdg.c **** /** @addtogroup STM32F10x_StdPeriph_Driver
  26:../Libraries/STM32F10x_StdPeriph_Driver/src/stm32f10x_iwdg.c ****   * @{
  27:../Libraries/STM32F10x_StdPeriph_Driver/src/stm32f10x_iwdg.c ****   */
  28:../Libraries/STM32F10x_StdPeriph_Driver/src/stm32f10x_iwdg.c **** 
  29:../Libraries/STM32F10x_StdPeriph_Driver/src/stm32f10x_iwdg.c **** /** @defgroup IWDG 
  30:../Libraries/STM32F10x_StdPeriph_Driver/src/stm32f10x_iwdg.c ****   * @brief IWDG driver modules
  31:../Libraries/STM32F10x_StdPeriph_Driver/src/stm32f10x_iwdg.c ****   * @{
  32:../Libraries/STM32F10x_StdPeriph_Driver/src/stm32f10x_iwdg.c ****   */ 
  33:../Libraries/STM32F10x_StdPeriph_Driver/src/stm32f10x_iwdg.c **** 
  34:../Libraries/STM32F10x_StdPeriph_Driver/src/stm32f10x_iwdg.c **** /** @defgroup IWDG_Private_TypesDefinitions
  35:../Libraries/STM32F10x_StdPeriph_Driver/src/stm32f10x_iwdg.c ****   * @{
  36:../Libraries/STM32F10x_StdPeriph_Driver/src/stm32f10x_iwdg.c ****   */
  37:../Libraries/STM32F10x_StdPeriph_Driver/src/stm32f10x_iwdg.c **** 
  38:../Libraries/STM32F10x_StdPeriph_Driver/src/stm32f10x_iwdg.c **** /**
  39:../Libraries/STM32F10x_StdPeriph_Driver/src/stm32f10x_iwdg.c ****   * @}
  40:../Libraries/STM32F10x_StdPeriph_Driver/src/stm32f10x_iwdg.c ****   */
  41:../Libraries/STM32F10x_StdPeriph_Driver/src/stm32f10x_iwdg.c **** 
  42:../Libraries/STM32F10x_StdPeriph_Driver/src/stm32f10x_iwdg.c **** /** @defgroup IWDG_Private_Defines
  43:../Libraries/STM32F10x_StdPeriph_Driver/src/stm32f10x_iwdg.c ****   * @{
  44:../Libraries/STM32F10x_StdPeriph_Driver/src/stm32f10x_iwdg.c ****   */ 
  45:../Libraries/STM32F10x_StdPeriph_Driver/src/stm32f10x_iwdg.c **** 
  46:../Libraries/STM32F10x_StdPeriph_Driver/src/stm32f10x_iwdg.c **** /* ---------------------- IWDG registers bit mask ----------------------------*/
  47:../Libraries/STM32F10x_StdPeriph_Driver/src/stm32f10x_iwdg.c **** 
  48:../Libraries/STM32F10x_StdPeriph_Driver/src/stm32f10x_iwdg.c **** /* KR register bit mask */
  49:../Libraries/STM32F10x_StdPeriph_Driver/src/stm32f10x_iwdg.c **** #define KR_KEY_Reload    ((uint16_t)0xAAAA)
  50:../Libraries/STM32F10x_StdPeriph_Driver/src/stm32f10x_iwdg.c **** #define KR_KEY_Enable    ((uint16_t)0xCCCC)
  51:../Libraries/STM32F10x_StdPeriph_Driver/src/stm32f10x_iwdg.c **** 
  52:../Libraries/STM32F10x_StdPeriph_Driver/src/stm32f10x_iwdg.c **** /**
  53:../Libraries/STM32F10x_StdPeriph_Driver/src/stm32f10x_iwdg.c ****   * @}
  54:../Libraries/STM32F10x_StdPeriph_Driver/src/stm32f10x_iwdg.c ****   */ 
  55:../Libraries/STM32F10x_StdPeriph_Driver/src/stm32f10x_iwdg.c **** 
  56:../Libraries/STM32F10x_StdPeriph_Driver/src/stm32f10x_iwdg.c **** /** @defgroup IWDG_Private_Macros
  57:../Libraries/STM32F10x_StdPeriph_Driver/src/stm32f10x_iwdg.c ****   * @{
  58:../Libraries/STM32F10x_StdPeriph_Driver/src/stm32f10x_iwdg.c ****   */
  59:../Libraries/STM32F10x_StdPeriph_Driver/src/stm32f10x_iwdg.c **** 
  60:../Libraries/STM32F10x_StdPeriph_Driver/src/stm32f10x_iwdg.c **** /**
  61:../Libraries/STM32F10x_StdPeriph_Driver/src/stm32f10x_iwdg.c ****   * @}
  62:../Libraries/STM32F10x_StdPeriph_Driver/src/stm32f10x_iwdg.c ****   */
  63:../Libraries/STM32F10x_StdPeriph_Driver/src/stm32f10x_iwdg.c **** 
  64:../Libraries/STM32F10x_StdPeriph_Driver/src/stm32f10x_iwdg.c **** /** @defgroup IWDG_Private_Variables
  65:../Libraries/STM32F10x_StdPeriph_Driver/src/stm32f10x_iwdg.c ****   * @{
  66:../Libraries/STM32F10x_StdPeriph_Driver/src/stm32f10x_iwdg.c ****   */
  67:../Libraries/STM32F10x_StdPeriph_Driver/src/stm32f10x_iwdg.c **** 
  68:../Libraries/STM32F10x_StdPeriph_Driver/src/stm32f10x_iwdg.c **** /**
  69:../Libraries/STM32F10x_StdPeriph_Driver/src/stm32f10x_iwdg.c ****   * @}
  70:../Libraries/STM32F10x_StdPeriph_Driver/src/stm32f10x_iwdg.c ****   */
  71:../Libraries/STM32F10x_StdPeriph_Driver/src/stm32f10x_iwdg.c **** 
  72:../Libraries/STM32F10x_StdPeriph_Driver/src/stm32f10x_iwdg.c **** /** @defgroup IWDG_Private_FunctionPrototypes
  73:../Libraries/STM32F10x_StdPeriph_Driver/src/stm32f10x_iwdg.c ****   * @{
  74:../Libraries/STM32F10x_StdPeriph_Driver/src/stm32f10x_iwdg.c ****   */
  75:../Libraries/STM32F10x_StdPeriph_Driver/src/stm32f10x_iwdg.c **** 
  76:../Libraries/STM32F10x_StdPeriph_Driver/src/stm32f10x_iwdg.c **** /**
  77:../Libraries/STM32F10x_StdPeriph_Driver/src/stm32f10x_iwdg.c ****   * @}
  78:../Libraries/STM32F10x_StdPeriph_Driver/src/stm32f10x_iwdg.c ****   */
  79:../Libraries/STM32F10x_StdPeriph_Driver/src/stm32f10x_iwdg.c **** 
  80:../Libraries/STM32F10x_StdPeriph_Driver/src/stm32f10x_iwdg.c **** /** @defgroup IWDG_Private_Functions
  81:../Libraries/STM32F10x_StdPeriph_Driver/src/stm32f10x_iwdg.c ****   * @{
  82:../Libraries/STM32F10x_StdPeriph_Driver/src/stm32f10x_iwdg.c ****   */
  83:../Libraries/STM32F10x_StdPeriph_Driver/src/stm32f10x_iwdg.c **** 
  84:../Libraries/STM32F10x_StdPeriph_Driver/src/stm32f10x_iwdg.c **** /**
  85:../Libraries/STM32F10x_StdPeriph_Driver/src/stm32f10x_iwdg.c ****   * @brief  Enables or disables write access to IWDG_PR and IWDG_RLR registers.
  86:../Libraries/STM32F10x_StdPeriph_Driver/src/stm32f10x_iwdg.c ****   * @param  IWDG_WriteAccess: new state of write access to IWDG_PR and IWDG_RLR registers.
  87:../Libraries/STM32F10x_StdPeriph_Driver/src/stm32f10x_iwdg.c ****   *   This parameter can be one of the following values:
  88:../Libraries/STM32F10x_StdPeriph_Driver/src/stm32f10x_iwdg.c ****   *     @arg IWDG_WriteAccess_Enable: Enable write access to IWDG_PR and IWDG_RLR registers
  89:../Libraries/STM32F10x_StdPeriph_Driver/src/stm32f10x_iwdg.c ****   *     @arg IWDG_WriteAccess_Disable: Disable write access to IWDG_PR and IWDG_RLR registers
  90:../Libraries/STM32F10x_StdPeriph_Driver/src/stm32f10x_iwdg.c ****   * @retval None
  91:../Libraries/STM32F10x_StdPeriph_Driver/src/stm32f10x_iwdg.c ****   */
  92:../Libraries/STM32F10x_StdPeriph_Driver/src/stm32f10x_iwdg.c **** void IWDG_WriteAccessCmd(uint16_t IWDG_WriteAccess)
  93:../Libraries/STM32F10x_StdPeriph_Driver/src/stm32f10x_iwdg.c **** {
 18448              		.loc 1 93 0
 18449              		.cfi_startproc
 18450              		@ args = 0, pretend = 0, frame = 0
 18451              		@ frame_needed = 0, uses_anonymous_args = 0
 18452              		@ link register save eliminated.
 18453              	.LVL0:
  94:../Libraries/STM32F10x_StdPeriph_Driver/src/stm32f10x_iwdg.c ****   /* Check the parameters */
  95:../Libraries/STM32F10x_StdPeriph_Driver/src/stm32f10x_iwdg.c ****   assert_param(IS_IWDG_WRITE_ACCESS(IWDG_WriteAccess));
  96:../Libraries/STM32F10x_StdPeriph_Driver/src/stm32f10x_iwdg.c ****   IWDG->KR = IWDG_WriteAccess;
 18454              		.loc 1 96 0
 18455 0000 014B     		ldr	r3, .L2
 18456 0002 1860     		str	r0, [r3, #0]
  97:../Libraries/STM32F10x_StdPeriph_Driver/src/stm32f10x_iwdg.c **** }
 18457              		.loc 1 97 0
 18458 0004 7047     		bx	lr
 18459              	.L3:
 18460 0006 00BF     		.align	2
 18461              	.L2:
 18462 0008 00300040 		.word	1073754112
 18463              		.cfi_endproc
 18464              	.LFE29:
 18466              		.section	.text.IWDG_SetPrescaler,"ax",%progbits
 18467              		.align	1
 18468              		.global	IWDG_SetPrescaler
 18469              		.thumb
 18470              		.thumb_func
 18472              	IWDG_SetPrescaler:
 18473              	.LFB30:
  98:../Libraries/STM32F10x_StdPeriph_Driver/src/stm32f10x_iwdg.c **** 
  99:../Libraries/STM32F10x_StdPeriph_Driver/src/stm32f10x_iwdg.c **** /**
 100:../Libraries/STM32F10x_StdPeriph_Driver/src/stm32f10x_iwdg.c ****   * @brief  Sets IWDG Prescaler value.
 101:../Libraries/STM32F10x_StdPeriph_Driver/src/stm32f10x_iwdg.c ****   * @param  IWDG_Prescaler: specifies the IWDG Prescaler value.
 102:../Libraries/STM32F10x_StdPeriph_Driver/src/stm32f10x_iwdg.c ****   *   This parameter can be one of the following values:
 103:../Libraries/STM32F10x_StdPeriph_Driver/src/stm32f10x_iwdg.c ****   *     @arg IWDG_Prescaler_4: IWDG prescaler set to 4
 104:../Libraries/STM32F10x_StdPeriph_Driver/src/stm32f10x_iwdg.c ****   *     @arg IWDG_Prescaler_8: IWDG prescaler set to 8
 105:../Libraries/STM32F10x_StdPeriph_Driver/src/stm32f10x_iwdg.c ****   *     @arg IWDG_Prescaler_16: IWDG prescaler set to 16
 106:../Libraries/STM32F10x_StdPeriph_Driver/src/stm32f10x_iwdg.c ****   *     @arg IWDG_Prescaler_32: IWDG prescaler set to 32
 107:../Libraries/STM32F10x_StdPeriph_Driver/src/stm32f10x_iwdg.c ****   *     @arg IWDG_Prescaler_64: IWDG prescaler set to 64
 108:../Libraries/STM32F10x_StdPeriph_Driver/src/stm32f10x_iwdg.c ****   *     @arg IWDG_Prescaler_128: IWDG prescaler set to 128
 109:../Libraries/STM32F10x_StdPeriph_Driver/src/stm32f10x_iwdg.c ****   *     @arg IWDG_Prescaler_256: IWDG prescaler set to 256
 110:../Libraries/STM32F10x_StdPeriph_Driver/src/stm32f10x_iwdg.c ****   * @retval None
 111:../Libraries/STM32F10x_StdPeriph_Driver/src/stm32f10x_iwdg.c ****   */
 112:../Libraries/STM32F10x_StdPeriph_Driver/src/stm32f10x_iwdg.c **** void IWDG_SetPrescaler(uint8_t IWDG_Prescaler)
 113:../Libraries/STM32F10x_StdPeriph_Driver/src/stm32f10x_iwdg.c **** {
 18474              		.loc 1 113 0
 18475              		.cfi_startproc
 18476              		@ args = 0, pretend = 0, frame = 0
 18477              		@ frame_needed = 0, uses_anonymous_args = 0
 18478              		@ link register save eliminated.
 18479              	.LVL1:
 114:../Libraries/STM32F10x_StdPeriph_Driver/src/stm32f10x_iwdg.c ****   /* Check the parameters */
 115:../Libraries/STM32F10x_StdPeriph_Driver/src/stm32f10x_iwdg.c ****   assert_param(IS_IWDG_PRESCALER(IWDG_Prescaler));
 116:../Libraries/STM32F10x_StdPeriph_Driver/src/stm32f10x_iwdg.c ****   IWDG->PR = IWDG_Prescaler;
 18480              		.loc 1 116 0
 18481 0000 014B     		ldr	r3, .L5
 18482 0002 5860     		str	r0, [r3, #4]
 117:../Libraries/STM32F10x_StdPeriph_Driver/src/stm32f10x_iwdg.c **** }
 18483              		.loc 1 117 0
 18484 0004 7047     		bx	lr
 18485              	.L6:
 18486 0006 00BF     		.align	2
 18487              	.L5:
 18488 0008 00300040 		.word	1073754112
 18489              		.cfi_endproc
 18490              	.LFE30:
 18492              		.section	.text.IWDG_SetReload,"ax",%progbits
 18493              		.align	1
 18494              		.global	IWDG_SetReload
 18495              		.thumb
 18496              		.thumb_func
 18498              	IWDG_SetReload:
 18499              	.LFB31:
 118:../Libraries/STM32F10x_StdPeriph_Driver/src/stm32f10x_iwdg.c **** 
 119:../Libraries/STM32F10x_StdPeriph_Driver/src/stm32f10x_iwdg.c **** /**
 120:../Libraries/STM32F10x_StdPeriph_Driver/src/stm32f10x_iwdg.c ****   * @brief  Sets IWDG Reload value.
 121:../Libraries/STM32F10x_StdPeriph_Driver/src/stm32f10x_iwdg.c ****   * @param  Reload: specifies the IWDG Reload value.
 122:../Libraries/STM32F10x_StdPeriph_Driver/src/stm32f10x_iwdg.c ****   *   This parameter must be a number between 0 and 0x0FFF.
 123:../Libraries/STM32F10x_StdPeriph_Driver/src/stm32f10x_iwdg.c ****   * @retval None
 124:../Libraries/STM32F10x_StdPeriph_Driver/src/stm32f10x_iwdg.c ****   */
 125:../Libraries/STM32F10x_StdPeriph_Driver/src/stm32f10x_iwdg.c **** void IWDG_SetReload(uint16_t Reload)
 126:../Libraries/STM32F10x_StdPeriph_Driver/src/stm32f10x_iwdg.c **** {
 18500              		.loc 1 126 0
 18501              		.cfi_startproc
 18502              		@ args = 0, pretend = 0, frame = 0
 18503              		@ frame_needed = 0, uses_anonymous_args = 0
 18504              		@ link register save eliminated.
 18505              	.LVL2:
 127:../Libraries/STM32F10x_StdPeriph_Driver/src/stm32f10x_iwdg.c ****   /* Check the parameters */
 128:../Libraries/STM32F10x_StdPeriph_Driver/src/stm32f10x_iwdg.c ****   assert_param(IS_IWDG_RELOAD(Reload));
 129:../Libraries/STM32F10x_StdPeriph_Driver/src/stm32f10x_iwdg.c ****   IWDG->RLR = Reload;
 18506              		.loc 1 129 0
 18507 0000 014B     		ldr	r3, .L8
 18508 0002 9860     		str	r0, [r3, #8]
 130:../Libraries/STM32F10x_StdPeriph_Driver/src/stm32f10x_iwdg.c **** }
 18509              		.loc 1 130 0
 18510 0004 7047     		bx	lr
 18511              	.L9:
 18512 0006 00BF     		.align	2
 18513              	.L8:
 18514 0008 00300040 		.word	1073754112
 18515              		.cfi_endproc
 18516              	.LFE31:
 18518              		.section	.text.IWDG_ReloadCounter,"ax",%progbits
 18519              		.align	1
 18520              		.global	IWDG_ReloadCounter
 18521              		.thumb
 18522              		.thumb_func
 18524              	IWDG_ReloadCounter:
 18525              	.LFB32:
 131:../Libraries/STM32F10x_StdPeriph_Driver/src/stm32f10x_iwdg.c **** 
 132:../Libraries/STM32F10x_StdPeriph_Driver/src/stm32f10x_iwdg.c **** /**
 133:../Libraries/STM32F10x_StdPeriph_Driver/src/stm32f10x_iwdg.c ****   * @brief  Reloads IWDG counter with value defined in the reload register
 134:../Libraries/STM32F10x_StdPeriph_Driver/src/stm32f10x_iwdg.c ****   *   (write access to IWDG_PR and IWDG_RLR registers disabled).
 135:../Libraries/STM32F10x_StdPeriph_Driver/src/stm32f10x_iwdg.c ****   * @param  None
 136:../Libraries/STM32F10x_StdPeriph_Driver/src/stm32f10x_iwdg.c ****   * @retval None
 137:../Libraries/STM32F10x_StdPeriph_Driver/src/stm32f10x_iwdg.c ****   */
 138:../Libraries/STM32F10x_StdPeriph_Driver/src/stm32f10x_iwdg.c **** void IWDG_ReloadCounter(void)
 139:../Libraries/STM32F10x_StdPeriph_Driver/src/stm32f10x_iwdg.c **** {
 18526              		.loc 1 139 0
 18527              		.cfi_startproc
 18528              		@ args = 0, pretend = 0, frame = 0
 18529              		@ frame_needed = 0, uses_anonymous_args = 0
 18530              		@ link register save eliminated.
 140:../Libraries/STM32F10x_StdPeriph_Driver/src/stm32f10x_iwdg.c ****   IWDG->KR = KR_KEY_Reload;
 18531              		.loc 1 140 0
 18532 0000 024B     		ldr	r3, .L11
 18533 0002 4AF6AA22 		movw	r2, #43690
 18534 0006 1A60     		str	r2, [r3, #0]
 141:../Libraries/STM32F10x_StdPeriph_Driver/src/stm32f10x_iwdg.c **** }
 18535              		.loc 1 141 0
 18536 0008 7047     		bx	lr
 18537              	.L12:
 18538 000a 00BF     		.align	2
 18539              	.L11:
 18540 000c 00300040 		.word	1073754112
 18541              		.cfi_endproc
 18542              	.LFE32:
 18544              		.section	.text.IWDG_Enable,"ax",%progbits
 18545              		.align	1
 18546              		.global	IWDG_Enable
 18547              		.thumb
 18548              		.thumb_func
 18550              	IWDG_Enable:
 18551              	.LFB33:
 142:../Libraries/STM32F10x_StdPeriph_Driver/src/stm32f10x_iwdg.c **** 
 143:../Libraries/STM32F10x_StdPeriph_Driver/src/stm32f10x_iwdg.c **** /**
 144:../Libraries/STM32F10x_StdPeriph_Driver/src/stm32f10x_iwdg.c ****   * @brief  Enables IWDG (write access to IWDG_PR and IWDG_RLR registers disabled).
 145:../Libraries/STM32F10x_StdPeriph_Driver/src/stm32f10x_iwdg.c ****   * @param  None
 146:../Libraries/STM32F10x_StdPeriph_Driver/src/stm32f10x_iwdg.c ****   * @retval None
 147:../Libraries/STM32F10x_StdPeriph_Driver/src/stm32f10x_iwdg.c ****   */
 148:../Libraries/STM32F10x_StdPeriph_Driver/src/stm32f10x_iwdg.c **** void IWDG_Enable(void)
 149:../Libraries/STM32F10x_StdPeriph_Driver/src/stm32f10x_iwdg.c **** {
 18552              		.loc 1 149 0
 18553              		.cfi_startproc
 18554              		@ args = 0, pretend = 0, frame = 0
 18555              		@ frame_needed = 0, uses_anonymous_args = 0
 18556              		@ link register save eliminated.
 150:../Libraries/STM32F10x_StdPeriph_Driver/src/stm32f10x_iwdg.c ****   IWDG->KR = KR_KEY_Enable;
 18557              		.loc 1 150 0
 18558 0000 024B     		ldr	r3, .L14
 18559 0002 4CF6CC42 		movw	r2, #52428
 18560 0006 1A60     		str	r2, [r3, #0]
 151:../Libraries/STM32F10x_StdPeriph_Driver/src/stm32f10x_iwdg.c **** }
 18561              		.loc 1 151 0
 18562 0008 7047     		bx	lr
 18563              	.L15:
 18564 000a 00BF     		.align	2
 18565              	.L14:
 18566 000c 00300040 		.word	1073754112
 18567              		.cfi_endproc
 18568              	.LFE33:
 18570              		.section	.text.IWDG_GetFlagStatus,"ax",%progbits
 18571              		.align	1
 18572              		.global	IWDG_GetFlagStatus
 18573              		.thumb
 18574              		.thumb_func
 18576              	IWDG_GetFlagStatus:
 18577              	.LFB34:
 152:../Libraries/STM32F10x_StdPeriph_Driver/src/stm32f10x_iwdg.c **** 
 153:../Libraries/STM32F10x_StdPeriph_Driver/src/stm32f10x_iwdg.c **** /**
 154:../Libraries/STM32F10x_StdPeriph_Driver/src/stm32f10x_iwdg.c ****   * @brief  Checks whether the specified IWDG flag is set or not.
 155:../Libraries/STM32F10x_StdPeriph_Driver/src/stm32f10x_iwdg.c ****   * @param  IWDG_FLAG: specifies the flag to check.
 156:../Libraries/STM32F10x_StdPeriph_Driver/src/stm32f10x_iwdg.c ****   *   This parameter can be one of the following values:
 157:../Libraries/STM32F10x_StdPeriph_Driver/src/stm32f10x_iwdg.c ****   *     @arg IWDG_FLAG_PVU: Prescaler Value Update on going
 158:../Libraries/STM32F10x_StdPeriph_Driver/src/stm32f10x_iwdg.c ****   *     @arg IWDG_FLAG_RVU: Reload Value Update on going
 159:../Libraries/STM32F10x_StdPeriph_Driver/src/stm32f10x_iwdg.c ****   * @retval The new state of IWDG_FLAG (SET or RESET).
 160:../Libraries/STM32F10x_StdPeriph_Driver/src/stm32f10x_iwdg.c ****   */
 161:../Libraries/STM32F10x_StdPeriph_Driver/src/stm32f10x_iwdg.c **** FlagStatus IWDG_GetFlagStatus(uint16_t IWDG_FLAG)
 162:../Libraries/STM32F10x_StdPeriph_Driver/src/stm32f10x_iwdg.c **** {
 18578              		.loc 1 162 0
 18579              		.cfi_startproc
 18580              		@ args = 0, pretend = 0, frame = 0
 18581              		@ frame_needed = 0, uses_anonymous_args = 0
 18582              		@ link register save eliminated.
 18583              	.LVL3:
 163:../Libraries/STM32F10x_StdPeriph_Driver/src/stm32f10x_iwdg.c ****   FlagStatus bitstatus = RESET;
 164:../Libraries/STM32F10x_StdPeriph_Driver/src/stm32f10x_iwdg.c ****   /* Check the parameters */
 165:../Libraries/STM32F10x_StdPeriph_Driver/src/stm32f10x_iwdg.c ****   assert_param(IS_IWDG_FLAG(IWDG_FLAG));
 166:../Libraries/STM32F10x_StdPeriph_Driver/src/stm32f10x_iwdg.c ****   if ((IWDG->SR & IWDG_FLAG) != (uint32_t)RESET)
 18584              		.loc 1 166 0
 18585 0000 034B     		ldr	r3, .L17
 18586 0002 DB68     		ldr	r3, [r3, #12]
 18587              	.LVL4:
 167:../Libraries/STM32F10x_StdPeriph_Driver/src/stm32f10x_iwdg.c ****   {
 168:../Libraries/STM32F10x_StdPeriph_Driver/src/stm32f10x_iwdg.c ****     bitstatus = SET;
 18588              		.loc 1 168 0
 18589 0004 1842     		tst	r0, r3
 169:../Libraries/STM32F10x_StdPeriph_Driver/src/stm32f10x_iwdg.c ****   }
 170:../Libraries/STM32F10x_StdPeriph_Driver/src/stm32f10x_iwdg.c ****   else
 171:../Libraries/STM32F10x_StdPeriph_Driver/src/stm32f10x_iwdg.c ****   {
 172:../Libraries/STM32F10x_StdPeriph_Driver/src/stm32f10x_iwdg.c ****     bitstatus = RESET;
 173:../Libraries/STM32F10x_StdPeriph_Driver/src/stm32f10x_iwdg.c ****   }
 174:../Libraries/STM32F10x_StdPeriph_Driver/src/stm32f10x_iwdg.c ****   /* Return the flag status */
 175:../Libraries/STM32F10x_StdPeriph_Driver/src/stm32f10x_iwdg.c ****   return bitstatus;
 176:../Libraries/STM32F10x_StdPeriph_Driver/src/stm32f10x_iwdg.c **** }
 18590              		.loc 1 176 0
 18591 0006 0CBF     		ite	eq
 18592 0008 0020     		moveq	r0, #0
 18593 000a 0120     		movne	r0, #1
 18594              	.LVL5:
 18595 000c 7047     		bx	lr
 18596              	.L18:
 18597 000e 00BF     		.align	2
 18598              	.L17:
 18599 0010 00300040 		.word	1073754112
 18600              		.cfi_endproc
 18601              	.LFE34:
 18603              		.text
 18604              	.Letext0:
DEFINED SYMBOLS
                            *ABS*:00000000 stm32f10x_iwdg.c
     /tmp/ccTXEAIN.s:18441  .text.IWDG_WriteAccessCmd:00000000 $t
     /tmp/ccTXEAIN.s:18446  .text.IWDG_WriteAccessCmd:00000000 IWDG_WriteAccessCmd
     /tmp/ccTXEAIN.s:18462  .text.IWDG_WriteAccessCmd:00000008 $d
     /tmp/ccTXEAIN.s:18467  .text.IWDG_SetPrescaler:00000000 $t
     /tmp/ccTXEAIN.s:18472  .text.IWDG_SetPrescaler:00000000 IWDG_SetPrescaler
     /tmp/ccTXEAIN.s:18488  .text.IWDG_SetPrescaler:00000008 $d
     /tmp/ccTXEAIN.s:18493  .text.IWDG_SetReload:00000000 $t
     /tmp/ccTXEAIN.s:18498  .text.IWDG_SetReload:00000000 IWDG_SetReload
     /tmp/ccTXEAIN.s:18514  .text.IWDG_SetReload:00000008 $d
     /tmp/ccTXEAIN.s:18519  .text.IWDG_ReloadCounter:00000000 $t
     /tmp/ccTXEAIN.s:18524  .text.IWDG_ReloadCounter:00000000 IWDG_ReloadCounter
     /tmp/ccTXEAIN.s:18540  .text.IWDG_ReloadCounter:0000000c $d
     /tmp/ccTXEAIN.s:18545  .text.IWDG_Enable:00000000 $t
     /tmp/ccTXEAIN.s:18550  .text.IWDG_Enable:00000000 IWDG_Enable
     /tmp/ccTXEAIN.s:18566  .text.IWDG_Enable:0000000c $d
     /tmp/ccTXEAIN.s:18571  .text.IWDG_GetFlagStatus:00000000 $t
     /tmp/ccTXEAIN.s:18576  .text.IWDG_GetFlagStatus:00000000 IWDG_GetFlagStatus
     /tmp/ccTXEAIN.s:18599  .text.IWDG_GetFlagStatus:00000010 $d
                     .debug_frame:00000010 $d

NO UNDEFINED SYMBOLS
