   1              		.syntax unified
   2              		.cpu cortex-m3
   3              		.fpu softvfp
   4              		.eabi_attribute 20, 1
   5              		.eabi_attribute 21, 1
   6              		.eabi_attribute 23, 3
   7              		.eabi_attribute 24, 1
   8              		.eabi_attribute 25, 1
   9              		.eabi_attribute 26, 1
  10              		.eabi_attribute 30, 4
  11              		.eabi_attribute 18, 4
  12              		.thumb
  13              		.file	"stm32f10x_wwdg.c"
  23              	.Ltext0:
  24              		.file 1 "../Libraries/STM32F10x_StdPeriph_Driver/src/stm32f10x_wwdg.c"
 18432              		.align	1
 18433              		.global	WWDG_DeInit
 18434              		.thumb
 18435              		.thumb_func
 18437              	WWDG_DeInit:
 18438              	.LFB29:
   1:../Libraries/STM32F10x_StdPeriph_Driver/src/stm32f10x_wwdg.c **** /**
   2:../Libraries/STM32F10x_StdPeriph_Driver/src/stm32f10x_wwdg.c ****   ******************************************************************************
   3:../Libraries/STM32F10x_StdPeriph_Driver/src/stm32f10x_wwdg.c ****   * @file    stm32f10x_wwdg.c
   4:../Libraries/STM32F10x_StdPeriph_Driver/src/stm32f10x_wwdg.c ****   * @author  MCD Application Team
   5:../Libraries/STM32F10x_StdPeriph_Driver/src/stm32f10x_wwdg.c ****   * @version V3.5.0
   6:../Libraries/STM32F10x_StdPeriph_Driver/src/stm32f10x_wwdg.c ****   * @date    11-March-2011
   7:../Libraries/STM32F10x_StdPeriph_Driver/src/stm32f10x_wwdg.c ****   * @brief   This file provides all the WWDG firmware functions.
   8:../Libraries/STM32F10x_StdPeriph_Driver/src/stm32f10x_wwdg.c ****   ******************************************************************************
   9:../Libraries/STM32F10x_StdPeriph_Driver/src/stm32f10x_wwdg.c ****   * @attention
  10:../Libraries/STM32F10x_StdPeriph_Driver/src/stm32f10x_wwdg.c ****   *
  11:../Libraries/STM32F10x_StdPeriph_Driver/src/stm32f10x_wwdg.c ****   * THE PRESENT FIRMWARE WHICH IS FOR GUIDANCE ONLY AIMS AT PROVIDING CUSTOMERS
  12:../Libraries/STM32F10x_StdPeriph_Driver/src/stm32f10x_wwdg.c ****   * WITH CODING INFORMATION REGARDING THEIR PRODUCTS IN ORDER FOR THEM TO SAVE
  13:../Libraries/STM32F10x_StdPeriph_Driver/src/stm32f10x_wwdg.c ****   * TIME. AS A RESULT, STMICROELECTRONICS SHALL NOT BE HELD LIABLE FOR ANY
  14:../Libraries/STM32F10x_StdPeriph_Driver/src/stm32f10x_wwdg.c ****   * DIRECT, INDIRECT OR CONSEQUENTIAL DAMAGES WITH RESPECT TO ANY CLAIMS ARISING
  15:../Libraries/STM32F10x_StdPeriph_Driver/src/stm32f10x_wwdg.c ****   * FROM THE CONTENT OF SUCH FIRMWARE AND/OR THE USE MADE BY CUSTOMERS OF THE
  16:../Libraries/STM32F10x_StdPeriph_Driver/src/stm32f10x_wwdg.c ****   * CODING INFORMATION CONTAINED HEREIN IN CONNECTION WITH THEIR PRODUCTS.
  17:../Libraries/STM32F10x_StdPeriph_Driver/src/stm32f10x_wwdg.c ****   *
  18:../Libraries/STM32F10x_StdPeriph_Driver/src/stm32f10x_wwdg.c ****   * <h2><center>&copy; COPYRIGHT 2011 STMicroelectronics</center></h2>
  19:../Libraries/STM32F10x_StdPeriph_Driver/src/stm32f10x_wwdg.c ****   ******************************************************************************
  20:../Libraries/STM32F10x_StdPeriph_Driver/src/stm32f10x_wwdg.c ****   */
  21:../Libraries/STM32F10x_StdPeriph_Driver/src/stm32f10x_wwdg.c **** 
  22:../Libraries/STM32F10x_StdPeriph_Driver/src/stm32f10x_wwdg.c **** /* Includes ------------------------------------------------------------------*/
  23:../Libraries/STM32F10x_StdPeriph_Driver/src/stm32f10x_wwdg.c **** #include "stm32f10x_wwdg.h"
  24:../Libraries/STM32F10x_StdPeriph_Driver/src/stm32f10x_wwdg.c **** #include "stm32f10x_rcc.h"
  25:../Libraries/STM32F10x_StdPeriph_Driver/src/stm32f10x_wwdg.c **** 
  26:../Libraries/STM32F10x_StdPeriph_Driver/src/stm32f10x_wwdg.c **** /** @addtogroup STM32F10x_StdPeriph_Driver
  27:../Libraries/STM32F10x_StdPeriph_Driver/src/stm32f10x_wwdg.c ****   * @{
  28:../Libraries/STM32F10x_StdPeriph_Driver/src/stm32f10x_wwdg.c ****   */
  29:../Libraries/STM32F10x_StdPeriph_Driver/src/stm32f10x_wwdg.c **** 
  30:../Libraries/STM32F10x_StdPeriph_Driver/src/stm32f10x_wwdg.c **** /** @defgroup WWDG 
  31:../Libraries/STM32F10x_StdPeriph_Driver/src/stm32f10x_wwdg.c ****   * @brief WWDG driver modules
  32:../Libraries/STM32F10x_StdPeriph_Driver/src/stm32f10x_wwdg.c ****   * @{
  33:../Libraries/STM32F10x_StdPeriph_Driver/src/stm32f10x_wwdg.c ****   */
  34:../Libraries/STM32F10x_StdPeriph_Driver/src/stm32f10x_wwdg.c **** 
  35:../Libraries/STM32F10x_StdPeriph_Driver/src/stm32f10x_wwdg.c **** /** @defgroup WWDG_Private_TypesDefinitions
  36:../Libraries/STM32F10x_StdPeriph_Driver/src/stm32f10x_wwdg.c ****   * @{
  37:../Libraries/STM32F10x_StdPeriph_Driver/src/stm32f10x_wwdg.c ****   */
  38:../Libraries/STM32F10x_StdPeriph_Driver/src/stm32f10x_wwdg.c **** 
  39:../Libraries/STM32F10x_StdPeriph_Driver/src/stm32f10x_wwdg.c **** /**
  40:../Libraries/STM32F10x_StdPeriph_Driver/src/stm32f10x_wwdg.c ****   * @}
  41:../Libraries/STM32F10x_StdPeriph_Driver/src/stm32f10x_wwdg.c ****   */
  42:../Libraries/STM32F10x_StdPeriph_Driver/src/stm32f10x_wwdg.c **** 
  43:../Libraries/STM32F10x_StdPeriph_Driver/src/stm32f10x_wwdg.c **** /** @defgroup WWDG_Private_Defines
  44:../Libraries/STM32F10x_StdPeriph_Driver/src/stm32f10x_wwdg.c ****   * @{
  45:../Libraries/STM32F10x_StdPeriph_Driver/src/stm32f10x_wwdg.c ****   */
  46:../Libraries/STM32F10x_StdPeriph_Driver/src/stm32f10x_wwdg.c **** 
  47:../Libraries/STM32F10x_StdPeriph_Driver/src/stm32f10x_wwdg.c **** /* ----------- WWDG registers bit address in the alias region ----------- */
  48:../Libraries/STM32F10x_StdPeriph_Driver/src/stm32f10x_wwdg.c **** #define WWDG_OFFSET       (WWDG_BASE - PERIPH_BASE)
  49:../Libraries/STM32F10x_StdPeriph_Driver/src/stm32f10x_wwdg.c **** 
  50:../Libraries/STM32F10x_StdPeriph_Driver/src/stm32f10x_wwdg.c **** /* Alias word address of EWI bit */
  51:../Libraries/STM32F10x_StdPeriph_Driver/src/stm32f10x_wwdg.c **** #define CFR_OFFSET        (WWDG_OFFSET + 0x04)
  52:../Libraries/STM32F10x_StdPeriph_Driver/src/stm32f10x_wwdg.c **** #define EWI_BitNumber     0x09
  53:../Libraries/STM32F10x_StdPeriph_Driver/src/stm32f10x_wwdg.c **** #define CFR_EWI_BB        (PERIPH_BB_BASE + (CFR_OFFSET * 32) + (EWI_BitNumber * 4))
  54:../Libraries/STM32F10x_StdPeriph_Driver/src/stm32f10x_wwdg.c **** 
  55:../Libraries/STM32F10x_StdPeriph_Driver/src/stm32f10x_wwdg.c **** /* --------------------- WWDG registers bit mask ------------------------ */
  56:../Libraries/STM32F10x_StdPeriph_Driver/src/stm32f10x_wwdg.c **** 
  57:../Libraries/STM32F10x_StdPeriph_Driver/src/stm32f10x_wwdg.c **** /* CR register bit mask */
  58:../Libraries/STM32F10x_StdPeriph_Driver/src/stm32f10x_wwdg.c **** #define CR_WDGA_Set       ((uint32_t)0x00000080)
  59:../Libraries/STM32F10x_StdPeriph_Driver/src/stm32f10x_wwdg.c **** 
  60:../Libraries/STM32F10x_StdPeriph_Driver/src/stm32f10x_wwdg.c **** /* CFR register bit mask */
  61:../Libraries/STM32F10x_StdPeriph_Driver/src/stm32f10x_wwdg.c **** #define CFR_WDGTB_Mask    ((uint32_t)0xFFFFFE7F)
  62:../Libraries/STM32F10x_StdPeriph_Driver/src/stm32f10x_wwdg.c **** #define CFR_W_Mask        ((uint32_t)0xFFFFFF80)
  63:../Libraries/STM32F10x_StdPeriph_Driver/src/stm32f10x_wwdg.c **** #define BIT_Mask          ((uint8_t)0x7F)
  64:../Libraries/STM32F10x_StdPeriph_Driver/src/stm32f10x_wwdg.c **** 
  65:../Libraries/STM32F10x_StdPeriph_Driver/src/stm32f10x_wwdg.c **** /**
  66:../Libraries/STM32F10x_StdPeriph_Driver/src/stm32f10x_wwdg.c ****   * @}
  67:../Libraries/STM32F10x_StdPeriph_Driver/src/stm32f10x_wwdg.c ****   */
  68:../Libraries/STM32F10x_StdPeriph_Driver/src/stm32f10x_wwdg.c **** 
  69:../Libraries/STM32F10x_StdPeriph_Driver/src/stm32f10x_wwdg.c **** /** @defgroup WWDG_Private_Macros
  70:../Libraries/STM32F10x_StdPeriph_Driver/src/stm32f10x_wwdg.c ****   * @{
  71:../Libraries/STM32F10x_StdPeriph_Driver/src/stm32f10x_wwdg.c ****   */
  72:../Libraries/STM32F10x_StdPeriph_Driver/src/stm32f10x_wwdg.c **** 
  73:../Libraries/STM32F10x_StdPeriph_Driver/src/stm32f10x_wwdg.c **** /**
  74:../Libraries/STM32F10x_StdPeriph_Driver/src/stm32f10x_wwdg.c ****   * @}
  75:../Libraries/STM32F10x_StdPeriph_Driver/src/stm32f10x_wwdg.c ****   */
  76:../Libraries/STM32F10x_StdPeriph_Driver/src/stm32f10x_wwdg.c **** 
  77:../Libraries/STM32F10x_StdPeriph_Driver/src/stm32f10x_wwdg.c **** /** @defgroup WWDG_Private_Variables
  78:../Libraries/STM32F10x_StdPeriph_Driver/src/stm32f10x_wwdg.c ****   * @{
  79:../Libraries/STM32F10x_StdPeriph_Driver/src/stm32f10x_wwdg.c ****   */
  80:../Libraries/STM32F10x_StdPeriph_Driver/src/stm32f10x_wwdg.c **** 
  81:../Libraries/STM32F10x_StdPeriph_Driver/src/stm32f10x_wwdg.c **** /**
  82:../Libraries/STM32F10x_StdPeriph_Driver/src/stm32f10x_wwdg.c ****   * @}
  83:../Libraries/STM32F10x_StdPeriph_Driver/src/stm32f10x_wwdg.c ****   */
  84:../Libraries/STM32F10x_StdPeriph_Driver/src/stm32f10x_wwdg.c **** 
  85:../Libraries/STM32F10x_StdPeriph_Driver/src/stm32f10x_wwdg.c **** /** @defgroup WWDG_Private_FunctionPrototypes
  86:../Libraries/STM32F10x_StdPeriph_Driver/src/stm32f10x_wwdg.c ****   * @{
  87:../Libraries/STM32F10x_StdPeriph_Driver/src/stm32f10x_wwdg.c ****   */
  88:../Libraries/STM32F10x_StdPeriph_Driver/src/stm32f10x_wwdg.c **** 
  89:../Libraries/STM32F10x_StdPeriph_Driver/src/stm32f10x_wwdg.c **** /**
  90:../Libraries/STM32F10x_StdPeriph_Driver/src/stm32f10x_wwdg.c ****   * @}
  91:../Libraries/STM32F10x_StdPeriph_Driver/src/stm32f10x_wwdg.c ****   */
  92:../Libraries/STM32F10x_StdPeriph_Driver/src/stm32f10x_wwdg.c **** 
  93:../Libraries/STM32F10x_StdPeriph_Driver/src/stm32f10x_wwdg.c **** /** @defgroup WWDG_Private_Functions
  94:../Libraries/STM32F10x_StdPeriph_Driver/src/stm32f10x_wwdg.c ****   * @{
  95:../Libraries/STM32F10x_StdPeriph_Driver/src/stm32f10x_wwdg.c ****   */
  96:../Libraries/STM32F10x_StdPeriph_Driver/src/stm32f10x_wwdg.c **** 
  97:../Libraries/STM32F10x_StdPeriph_Driver/src/stm32f10x_wwdg.c **** /**
  98:../Libraries/STM32F10x_StdPeriph_Driver/src/stm32f10x_wwdg.c ****   * @brief  Deinitializes the WWDG peripheral registers to their default reset values.
  99:../Libraries/STM32F10x_StdPeriph_Driver/src/stm32f10x_wwdg.c ****   * @param  None
 100:../Libraries/STM32F10x_StdPeriph_Driver/src/stm32f10x_wwdg.c ****   * @retval None
 101:../Libraries/STM32F10x_StdPeriph_Driver/src/stm32f10x_wwdg.c ****   */
 102:../Libraries/STM32F10x_StdPeriph_Driver/src/stm32f10x_wwdg.c **** void WWDG_DeInit(void)
 103:../Libraries/STM32F10x_StdPeriph_Driver/src/stm32f10x_wwdg.c **** {
 18439              		.loc 1 103 0
 18440              		.cfi_startproc
 18441              		@ args = 0, pretend = 0, frame = 0
 18442              		@ frame_needed = 0, uses_anonymous_args = 0
 104:../Libraries/STM32F10x_StdPeriph_Driver/src/stm32f10x_wwdg.c ****   RCC_APB1PeriphResetCmd(RCC_APB1Periph_WWDG, ENABLE);
 18443              		.loc 1 104 0
 18444 0000 0121     		movs	r1, #1
 103:../Libraries/STM32F10x_StdPeriph_Driver/src/stm32f10x_wwdg.c **** {
 18445              		.loc 1 103 0
 18446 0002 10B5     		push	{r4, lr}
 18447              	.LCFI0:
 18448              		.cfi_def_cfa_offset 8
 18449              		.loc 1 104 0
 18450 0004 4FF40060 		mov	r0, #2048
 18451              		.cfi_offset 14, -4
 18452              		.cfi_offset 4, -8
 18453 0008 FFF7FEFF 		bl	RCC_APB1PeriphResetCmd
 105:../Libraries/STM32F10x_StdPeriph_Driver/src/stm32f10x_wwdg.c ****   RCC_APB1PeriphResetCmd(RCC_APB1Periph_WWDG, DISABLE);
 18454              		.loc 1 105 0
 18455 000c 4FF40060 		mov	r0, #2048
 18456 0010 0021     		movs	r1, #0
 106:../Libraries/STM32F10x_StdPeriph_Driver/src/stm32f10x_wwdg.c **** }
 18457              		.loc 1 106 0
 18458 0012 BDE81040 		pop	{r4, lr}
 105:../Libraries/STM32F10x_StdPeriph_Driver/src/stm32f10x_wwdg.c ****   RCC_APB1PeriphResetCmd(RCC_APB1Periph_WWDG, DISABLE);
 18459              		.loc 1 105 0
 18460 0016 FFF7FEBF 		b	RCC_APB1PeriphResetCmd
 18461              		.cfi_endproc
 18462              	.LFE29:
 18464              		.section	.text.WWDG_SetPrescaler,"ax",%progbits
 18465              		.align	1
 18466              		.global	WWDG_SetPrescaler
 18467              		.thumb
 18468              		.thumb_func
 18470              	WWDG_SetPrescaler:
 18471              	.LFB30:
 107:../Libraries/STM32F10x_StdPeriph_Driver/src/stm32f10x_wwdg.c **** 
 108:../Libraries/STM32F10x_StdPeriph_Driver/src/stm32f10x_wwdg.c **** /**
 109:../Libraries/STM32F10x_StdPeriph_Driver/src/stm32f10x_wwdg.c ****   * @brief  Sets the WWDG Prescaler.
 110:../Libraries/STM32F10x_StdPeriph_Driver/src/stm32f10x_wwdg.c ****   * @param  WWDG_Prescaler: specifies the WWDG Prescaler.
 111:../Libraries/STM32F10x_StdPeriph_Driver/src/stm32f10x_wwdg.c ****   *   This parameter can be one of the following values:
 112:../Libraries/STM32F10x_StdPeriph_Driver/src/stm32f10x_wwdg.c ****   *     @arg WWDG_Prescaler_1: WWDG counter clock = (PCLK1/4096)/1
 113:../Libraries/STM32F10x_StdPeriph_Driver/src/stm32f10x_wwdg.c ****   *     @arg WWDG_Prescaler_2: WWDG counter clock = (PCLK1/4096)/2
 114:../Libraries/STM32F10x_StdPeriph_Driver/src/stm32f10x_wwdg.c ****   *     @arg WWDG_Prescaler_4: WWDG counter clock = (PCLK1/4096)/4
 115:../Libraries/STM32F10x_StdPeriph_Driver/src/stm32f10x_wwdg.c ****   *     @arg WWDG_Prescaler_8: WWDG counter clock = (PCLK1/4096)/8
 116:../Libraries/STM32F10x_StdPeriph_Driver/src/stm32f10x_wwdg.c ****   * @retval None
 117:../Libraries/STM32F10x_StdPeriph_Driver/src/stm32f10x_wwdg.c ****   */
 118:../Libraries/STM32F10x_StdPeriph_Driver/src/stm32f10x_wwdg.c **** void WWDG_SetPrescaler(uint32_t WWDG_Prescaler)
 119:../Libraries/STM32F10x_StdPeriph_Driver/src/stm32f10x_wwdg.c **** {
 18472              		.loc 1 119 0
 18473              		.cfi_startproc
 18474              		@ args = 0, pretend = 0, frame = 0
 18475              		@ frame_needed = 0, uses_anonymous_args = 0
 18476              		@ link register save eliminated.
 18477              	.LVL0:
 120:../Libraries/STM32F10x_StdPeriph_Driver/src/stm32f10x_wwdg.c ****   uint32_t tmpreg = 0;
 121:../Libraries/STM32F10x_StdPeriph_Driver/src/stm32f10x_wwdg.c ****   /* Check the parameters */
 122:../Libraries/STM32F10x_StdPeriph_Driver/src/stm32f10x_wwdg.c ****   assert_param(IS_WWDG_PRESCALER(WWDG_Prescaler));
 123:../Libraries/STM32F10x_StdPeriph_Driver/src/stm32f10x_wwdg.c ****   /* Clear WDGTB[1:0] bits */
 124:../Libraries/STM32F10x_StdPeriph_Driver/src/stm32f10x_wwdg.c ****   tmpreg = WWDG->CFR & CFR_WDGTB_Mask;
 18478              		.loc 1 124 0
 18479 0000 034B     		ldr	r3, .L3
 18480 0002 5A68     		ldr	r2, [r3, #4]
 18481 0004 22F4C072 		bic	r2, r2, #384
 18482              	.LVL1:
 125:../Libraries/STM32F10x_StdPeriph_Driver/src/stm32f10x_wwdg.c ****   /* Set WDGTB[1:0] bits according to WWDG_Prescaler value */
 126:../Libraries/STM32F10x_StdPeriph_Driver/src/stm32f10x_wwdg.c ****   tmpreg |= WWDG_Prescaler;
 18483              		.loc 1 126 0
 18484 0008 40EA0202 		orr	r2, r0, r2
 18485              	.LVL2:
 127:../Libraries/STM32F10x_StdPeriph_Driver/src/stm32f10x_wwdg.c ****   /* Store the new value */
 128:../Libraries/STM32F10x_StdPeriph_Driver/src/stm32f10x_wwdg.c ****   WWDG->CFR = tmpreg;
 18486              		.loc 1 128 0
 18487 000c 5A60     		str	r2, [r3, #4]
 129:../Libraries/STM32F10x_StdPeriph_Driver/src/stm32f10x_wwdg.c **** }
 18488              		.loc 1 129 0
 18489 000e 7047     		bx	lr
 18490              	.L4:
 18491              		.align	2
 18492              	.L3:
 18493 0010 002C0040 		.word	1073753088
 18494              		.cfi_endproc
 18495              	.LFE30:
 18497              		.section	.text.WWDG_SetWindowValue,"ax",%progbits
 18498              		.align	1
 18499              		.global	WWDG_SetWindowValue
 18500              		.thumb
 18501              		.thumb_func
 18503              	WWDG_SetWindowValue:
 18504              	.LFB31:
 130:../Libraries/STM32F10x_StdPeriph_Driver/src/stm32f10x_wwdg.c **** 
 131:../Libraries/STM32F10x_StdPeriph_Driver/src/stm32f10x_wwdg.c **** /**
 132:../Libraries/STM32F10x_StdPeriph_Driver/src/stm32f10x_wwdg.c ****   * @brief  Sets the WWDG window value.
 133:../Libraries/STM32F10x_StdPeriph_Driver/src/stm32f10x_wwdg.c ****   * @param  WindowValue: specifies the window value to be compared to the downcounter.
 134:../Libraries/STM32F10x_StdPeriph_Driver/src/stm32f10x_wwdg.c ****   *   This parameter value must be lower than 0x80.
 135:../Libraries/STM32F10x_StdPeriph_Driver/src/stm32f10x_wwdg.c ****   * @retval None
 136:../Libraries/STM32F10x_StdPeriph_Driver/src/stm32f10x_wwdg.c ****   */
 137:../Libraries/STM32F10x_StdPeriph_Driver/src/stm32f10x_wwdg.c **** void WWDG_SetWindowValue(uint8_t WindowValue)
 138:../Libraries/STM32F10x_StdPeriph_Driver/src/stm32f10x_wwdg.c **** {
 18505              		.loc 1 138 0
 18506              		.cfi_startproc
 18507              		@ args = 0, pretend = 0, frame = 8
 18508              		@ frame_needed = 0, uses_anonymous_args = 0
 18509              		@ link register save eliminated.
 18510              	.LVL3:
 18511 0000 82B0     		sub	sp, sp, #8
 18512              	.LCFI1:
 18513              		.cfi_def_cfa_offset 8
 139:../Libraries/STM32F10x_StdPeriph_Driver/src/stm32f10x_wwdg.c ****   __IO uint32_t tmpreg = 0;
 18514              		.loc 1 139 0
 18515 0002 0023     		movs	r3, #0
 18516 0004 0193     		str	r3, [sp, #4]
 18517              	.LVL4:
 140:../Libraries/STM32F10x_StdPeriph_Driver/src/stm32f10x_wwdg.c **** 
 141:../Libraries/STM32F10x_StdPeriph_Driver/src/stm32f10x_wwdg.c ****   /* Check the parameters */
 142:../Libraries/STM32F10x_StdPeriph_Driver/src/stm32f10x_wwdg.c ****   assert_param(IS_WWDG_WINDOW_VALUE(WindowValue));
 143:../Libraries/STM32F10x_StdPeriph_Driver/src/stm32f10x_wwdg.c ****   /* Clear W[6:0] bits */
 144:../Libraries/STM32F10x_StdPeriph_Driver/src/stm32f10x_wwdg.c **** 
 145:../Libraries/STM32F10x_StdPeriph_Driver/src/stm32f10x_wwdg.c ****   tmpreg = WWDG->CFR & CFR_W_Mask;
 18518              		.loc 1 145 0
 18519 0006 074B     		ldr	r3, .L6
 146:../Libraries/STM32F10x_StdPeriph_Driver/src/stm32f10x_wwdg.c **** 
 147:../Libraries/STM32F10x_StdPeriph_Driver/src/stm32f10x_wwdg.c ****   /* Set W[6:0] bits according to WindowValue value */
 148:../Libraries/STM32F10x_StdPeriph_Driver/src/stm32f10x_wwdg.c ****   tmpreg |= WindowValue & (uint32_t) BIT_Mask;
 18520              		.loc 1 148 0
 18521 0008 00F07F00 		and	r0, r0, #127
 18522              	.LVL5:
 145:../Libraries/STM32F10x_StdPeriph_Driver/src/stm32f10x_wwdg.c ****   tmpreg = WWDG->CFR & CFR_W_Mask;
 18523              		.loc 1 145 0
 18524 000c 5A68     		ldr	r2, [r3, #4]
 18525 000e 22F07F02 		bic	r2, r2, #127
 18526              	.LVL6:
 18527 0012 0192     		str	r2, [sp, #4]
 18528              	.LVL7:
 18529              		.loc 1 148 0
 18530 0014 019A     		ldr	r2, [sp, #4]
 18531              	.LVL8:
 18532 0016 40EA0202 		orr	r2, r0, r2
 18533              	.LVL9:
 18534 001a 0192     		str	r2, [sp, #4]
 18535              	.LVL10:
 149:../Libraries/STM32F10x_StdPeriph_Driver/src/stm32f10x_wwdg.c **** 
 150:../Libraries/STM32F10x_StdPeriph_Driver/src/stm32f10x_wwdg.c ****   /* Store the new value */
 151:../Libraries/STM32F10x_StdPeriph_Driver/src/stm32f10x_wwdg.c ****   WWDG->CFR = tmpreg;
 18536              		.loc 1 151 0
 18537 001c 019A     		ldr	r2, [sp, #4]
 18538              	.LVL11:
 18539 001e 5A60     		str	r2, [r3, #4]
 152:../Libraries/STM32F10x_StdPeriph_Driver/src/stm32f10x_wwdg.c **** }
 18540              		.loc 1 152 0
 18541 0020 02B0     		add	sp, sp, #8
 18542 0022 7047     		bx	lr
 18543              	.L7:
 18544              		.align	2
 18545              	.L6:
 18546 0024 002C0040 		.word	1073753088
 18547              		.cfi_endproc
 18548              	.LFE31:
 18550              		.section	.text.WWDG_EnableIT,"ax",%progbits
 18551              		.align	1
 18552              		.global	WWDG_EnableIT
 18553              		.thumb
 18554              		.thumb_func
 18556              	WWDG_EnableIT:
 18557              	.LFB32:
 153:../Libraries/STM32F10x_StdPeriph_Driver/src/stm32f10x_wwdg.c **** 
 154:../Libraries/STM32F10x_StdPeriph_Driver/src/stm32f10x_wwdg.c **** /**
 155:../Libraries/STM32F10x_StdPeriph_Driver/src/stm32f10x_wwdg.c ****   * @brief  Enables the WWDG Early Wakeup interrupt(EWI).
 156:../Libraries/STM32F10x_StdPeriph_Driver/src/stm32f10x_wwdg.c ****   * @param  None
 157:../Libraries/STM32F10x_StdPeriph_Driver/src/stm32f10x_wwdg.c ****   * @retval None
 158:../Libraries/STM32F10x_StdPeriph_Driver/src/stm32f10x_wwdg.c ****   */
 159:../Libraries/STM32F10x_StdPeriph_Driver/src/stm32f10x_wwdg.c **** void WWDG_EnableIT(void)
 160:../Libraries/STM32F10x_StdPeriph_Driver/src/stm32f10x_wwdg.c **** {
 18558              		.loc 1 160 0
 18559              		.cfi_startproc
 18560              		@ args = 0, pretend = 0, frame = 0
 18561              		@ frame_needed = 0, uses_anonymous_args = 0
 18562              		@ link register save eliminated.
 161:../Libraries/STM32F10x_StdPeriph_Driver/src/stm32f10x_wwdg.c ****   *(__IO uint32_t *) CFR_EWI_BB = (uint32_t)ENABLE;
 18563              		.loc 1 161 0
 18564 0000 014B     		ldr	r3, .L9
 18565 0002 0122     		movs	r2, #1
 18566 0004 1A60     		str	r2, [r3, #0]
 162:../Libraries/STM32F10x_StdPeriph_Driver/src/stm32f10x_wwdg.c **** }
 18567              		.loc 1 162 0
 18568 0006 7047     		bx	lr
 18569              	.L10:
 18570              		.align	2
 18571              	.L9:
 18572 0008 A4800542 		.word	1107656868
 18573              		.cfi_endproc
 18574              	.LFE32:
 18576              		.section	.text.WWDG_SetCounter,"ax",%progbits
 18577              		.align	1
 18578              		.global	WWDG_SetCounter
 18579              		.thumb
 18580              		.thumb_func
 18582              	WWDG_SetCounter:
 18583              	.LFB33:
 163:../Libraries/STM32F10x_StdPeriph_Driver/src/stm32f10x_wwdg.c **** 
 164:../Libraries/STM32F10x_StdPeriph_Driver/src/stm32f10x_wwdg.c **** /**
 165:../Libraries/STM32F10x_StdPeriph_Driver/src/stm32f10x_wwdg.c ****   * @brief  Sets the WWDG counter value.
 166:../Libraries/STM32F10x_StdPeriph_Driver/src/stm32f10x_wwdg.c ****   * @param  Counter: specifies the watchdog counter value.
 167:../Libraries/STM32F10x_StdPeriph_Driver/src/stm32f10x_wwdg.c ****   *   This parameter must be a number between 0x40 and 0x7F.
 168:../Libraries/STM32F10x_StdPeriph_Driver/src/stm32f10x_wwdg.c ****   * @retval None
 169:../Libraries/STM32F10x_StdPeriph_Driver/src/stm32f10x_wwdg.c ****   */
 170:../Libraries/STM32F10x_StdPeriph_Driver/src/stm32f10x_wwdg.c **** void WWDG_SetCounter(uint8_t Counter)
 171:../Libraries/STM32F10x_StdPeriph_Driver/src/stm32f10x_wwdg.c **** {
 18584              		.loc 1 171 0
 18585              		.cfi_startproc
 18586              		@ args = 0, pretend = 0, frame = 0
 18587              		@ frame_needed = 0, uses_anonymous_args = 0
 18588              		@ link register save eliminated.
 18589              	.LVL12:
 172:../Libraries/STM32F10x_StdPeriph_Driver/src/stm32f10x_wwdg.c ****   /* Check the parameters */
 173:../Libraries/STM32F10x_StdPeriph_Driver/src/stm32f10x_wwdg.c ****   assert_param(IS_WWDG_COUNTER(Counter));
 174:../Libraries/STM32F10x_StdPeriph_Driver/src/stm32f10x_wwdg.c ****   /* Write to T[6:0] bits to configure the counter value, no need to do
 175:../Libraries/STM32F10x_StdPeriph_Driver/src/stm32f10x_wwdg.c ****      a read-modify-write; writing a 0 to WDGA bit does nothing */
 176:../Libraries/STM32F10x_StdPeriph_Driver/src/stm32f10x_wwdg.c ****   WWDG->CR = Counter & BIT_Mask;
 18590              		.loc 1 176 0
 18591 0000 024B     		ldr	r3, .L12
 18592 0002 00F07F00 		and	r0, r0, #127
 18593              	.LVL13:
 18594 0006 1860     		str	r0, [r3, #0]
 177:../Libraries/STM32F10x_StdPeriph_Driver/src/stm32f10x_wwdg.c **** }
 18595              		.loc 1 177 0
 18596 0008 7047     		bx	lr
 18597              	.L13:
 18598 000a 00BF     		.align	2
 18599              	.L12:
 18600 000c 002C0040 		.word	1073753088
 18601              		.cfi_endproc
 18602              	.LFE33:
 18604              		.section	.text.WWDG_Enable,"ax",%progbits
 18605              		.align	1
 18606              		.global	WWDG_Enable
 18607              		.thumb
 18608              		.thumb_func
 18610              	WWDG_Enable:
 18611              	.LFB34:
 178:../Libraries/STM32F10x_StdPeriph_Driver/src/stm32f10x_wwdg.c **** 
 179:../Libraries/STM32F10x_StdPeriph_Driver/src/stm32f10x_wwdg.c **** /**
 180:../Libraries/STM32F10x_StdPeriph_Driver/src/stm32f10x_wwdg.c ****   * @brief  Enables WWDG and load the counter value.                  
 181:../Libraries/STM32F10x_StdPeriph_Driver/src/stm32f10x_wwdg.c ****   * @param  Counter: specifies the watchdog counter value.
 182:../Libraries/STM32F10x_StdPeriph_Driver/src/stm32f10x_wwdg.c ****   *   This parameter must be a number between 0x40 and 0x7F.
 183:../Libraries/STM32F10x_StdPeriph_Driver/src/stm32f10x_wwdg.c ****   * @retval None
 184:../Libraries/STM32F10x_StdPeriph_Driver/src/stm32f10x_wwdg.c ****   */
 185:../Libraries/STM32F10x_StdPeriph_Driver/src/stm32f10x_wwdg.c **** void WWDG_Enable(uint8_t Counter)
 186:../Libraries/STM32F10x_StdPeriph_Driver/src/stm32f10x_wwdg.c **** {
 18612              		.loc 1 186 0
 18613              		.cfi_startproc
 18614              		@ args = 0, pretend = 0, frame = 0
 18615              		@ frame_needed = 0, uses_anonymous_args = 0
 18616              		@ link register save eliminated.
 18617              	.LVL14:
 187:../Libraries/STM32F10x_StdPeriph_Driver/src/stm32f10x_wwdg.c ****   /* Check the parameters */
 188:../Libraries/STM32F10x_StdPeriph_Driver/src/stm32f10x_wwdg.c ****   assert_param(IS_WWDG_COUNTER(Counter));
 189:../Libraries/STM32F10x_StdPeriph_Driver/src/stm32f10x_wwdg.c ****   WWDG->CR = CR_WDGA_Set | Counter;
 18618              		.loc 1 189 0
 18619 0000 024B     		ldr	r3, .L15
 18620 0002 40F08000 		orr	r0, r0, #128
 18621              	.LVL15:
 18622 0006 1860     		str	r0, [r3, #0]
 190:../Libraries/STM32F10x_StdPeriph_Driver/src/stm32f10x_wwdg.c **** }
 18623              		.loc 1 190 0
 18624 0008 7047     		bx	lr
 18625              	.L16:
 18626 000a 00BF     		.align	2
 18627              	.L15:
 18628 000c 002C0040 		.word	1073753088
 18629              		.cfi_endproc
 18630              	.LFE34:
 18632              		.section	.text.WWDG_GetFlagStatus,"ax",%progbits
 18633              		.align	1
 18634              		.global	WWDG_GetFlagStatus
 18635              		.thumb
 18636              		.thumb_func
 18638              	WWDG_GetFlagStatus:
 18639              	.LFB35:
 191:../Libraries/STM32F10x_StdPeriph_Driver/src/stm32f10x_wwdg.c **** 
 192:../Libraries/STM32F10x_StdPeriph_Driver/src/stm32f10x_wwdg.c **** /**
 193:../Libraries/STM32F10x_StdPeriph_Driver/src/stm32f10x_wwdg.c ****   * @brief  Checks whether the Early Wakeup interrupt flag is set or not.
 194:../Libraries/STM32F10x_StdPeriph_Driver/src/stm32f10x_wwdg.c ****   * @param  None
 195:../Libraries/STM32F10x_StdPeriph_Driver/src/stm32f10x_wwdg.c ****   * @retval The new state of the Early Wakeup interrupt flag (SET or RESET)
 196:../Libraries/STM32F10x_StdPeriph_Driver/src/stm32f10x_wwdg.c ****   */
 197:../Libraries/STM32F10x_StdPeriph_Driver/src/stm32f10x_wwdg.c **** FlagStatus WWDG_GetFlagStatus(void)
 198:../Libraries/STM32F10x_StdPeriph_Driver/src/stm32f10x_wwdg.c **** {
 18640              		.loc 1 198 0
 18641              		.cfi_startproc
 18642              		@ args = 0, pretend = 0, frame = 0
 18643              		@ frame_needed = 0, uses_anonymous_args = 0
 18644              		@ link register save eliminated.
 199:../Libraries/STM32F10x_StdPeriph_Driver/src/stm32f10x_wwdg.c ****   return (FlagStatus)(WWDG->SR);
 18645              		.loc 1 199 0
 18646 0000 014B     		ldr	r3, .L18
 18647 0002 9868     		ldr	r0, [r3, #8]
 200:../Libraries/STM32F10x_StdPeriph_Driver/src/stm32f10x_wwdg.c **** }
 18648              		.loc 1 200 0
 18649 0004 C0B2     		uxtb	r0, r0
 18650 0006 7047     		bx	lr
 18651              	.L19:
 18652              		.align	2
 18653              	.L18:
 18654 0008 002C0040 		.word	1073753088
 18655              		.cfi_endproc
 18656              	.LFE35:
 18658              		.section	.text.WWDG_ClearFlag,"ax",%progbits
 18659              		.align	1
 18660              		.global	WWDG_ClearFlag
 18661              		.thumb
 18662              		.thumb_func
 18664              	WWDG_ClearFlag:
 18665              	.LFB36:
 201:../Libraries/STM32F10x_StdPeriph_Driver/src/stm32f10x_wwdg.c **** 
 202:../Libraries/STM32F10x_StdPeriph_Driver/src/stm32f10x_wwdg.c **** /**
 203:../Libraries/STM32F10x_StdPeriph_Driver/src/stm32f10x_wwdg.c ****   * @brief  Clears Early Wakeup interrupt flag.
 204:../Libraries/STM32F10x_StdPeriph_Driver/src/stm32f10x_wwdg.c ****   * @param  None
 205:../Libraries/STM32F10x_StdPeriph_Driver/src/stm32f10x_wwdg.c ****   * @retval None
 206:../Libraries/STM32F10x_StdPeriph_Driver/src/stm32f10x_wwdg.c ****   */
 207:../Libraries/STM32F10x_StdPeriph_Driver/src/stm32f10x_wwdg.c **** void WWDG_ClearFlag(void)
 208:../Libraries/STM32F10x_StdPeriph_Driver/src/stm32f10x_wwdg.c **** {
 18666              		.loc 1 208 0
 18667              		.cfi_startproc
 18668              		@ args = 0, pretend = 0, frame = 0
 18669              		@ frame_needed = 0, uses_anonymous_args = 0
 18670              		@ link register save eliminated.
 209:../Libraries/STM32F10x_StdPeriph_Driver/src/stm32f10x_wwdg.c ****   WWDG->SR = (uint32_t)RESET;
 18671              		.loc 1 209 0
 18672 0000 014B     		ldr	r3, .L21
 18673 0002 0022     		movs	r2, #0
 18674 0004 9A60     		str	r2, [r3, #8]
 210:../Libraries/STM32F10x_StdPeriph_Driver/src/stm32f10x_wwdg.c **** }
 18675              		.loc 1 210 0
 18676 0006 7047     		bx	lr
 18677              	.L22:
 18678              		.align	2
 18679              	.L21:
 18680 0008 002C0040 		.word	1073753088
 18681              		.cfi_endproc
 18682              	.LFE36:
 18684              		.text
 18685              	.Letext0:
DEFINED SYMBOLS
                            *ABS*:00000000 stm32f10x_wwdg.c
     /tmp/ccGYiwIL.s:18432  .text.WWDG_DeInit:00000000 $t
     /tmp/ccGYiwIL.s:18437  .text.WWDG_DeInit:00000000 WWDG_DeInit
     /tmp/ccGYiwIL.s:18465  .text.WWDG_SetPrescaler:00000000 $t
     /tmp/ccGYiwIL.s:18470  .text.WWDG_SetPrescaler:00000000 WWDG_SetPrescaler
     /tmp/ccGYiwIL.s:18493  .text.WWDG_SetPrescaler:00000010 $d
     /tmp/ccGYiwIL.s:18498  .text.WWDG_SetWindowValue:00000000 $t
     /tmp/ccGYiwIL.s:18503  .text.WWDG_SetWindowValue:00000000 WWDG_SetWindowValue
     /tmp/ccGYiwIL.s:18546  .text.WWDG_SetWindowValue:00000024 $d
     /tmp/ccGYiwIL.s:18551  .text.WWDG_EnableIT:00000000 $t
     /tmp/ccGYiwIL.s:18556  .text.WWDG_EnableIT:00000000 WWDG_EnableIT
     /tmp/ccGYiwIL.s:18572  .text.WWDG_EnableIT:00000008 $d
     /tmp/ccGYiwIL.s:18577  .text.WWDG_SetCounter:00000000 $t
     /tmp/ccGYiwIL.s:18582  .text.WWDG_SetCounter:00000000 WWDG_SetCounter
     /tmp/ccGYiwIL.s:18600  .text.WWDG_SetCounter:0000000c $d
     /tmp/ccGYiwIL.s:18605  .text.WWDG_Enable:00000000 $t
     /tmp/ccGYiwIL.s:18610  .text.WWDG_Enable:00000000 WWDG_Enable
     /tmp/ccGYiwIL.s:18628  .text.WWDG_Enable:0000000c $d
     /tmp/ccGYiwIL.s:18633  .text.WWDG_GetFlagStatus:00000000 $t
     /tmp/ccGYiwIL.s:18638  .text.WWDG_GetFlagStatus:00000000 WWDG_GetFlagStatus
     /tmp/ccGYiwIL.s:18654  .text.WWDG_GetFlagStatus:00000008 $d
     /tmp/ccGYiwIL.s:18659  .text.WWDG_ClearFlag:00000000 $t
     /tmp/ccGYiwIL.s:18664  .text.WWDG_ClearFlag:00000000 WWDG_ClearFlag
     /tmp/ccGYiwIL.s:18680  .text.WWDG_ClearFlag:00000008 $d
                     .debug_frame:00000010 $d

UNDEFINED SYMBOLS
RCC_APB1PeriphResetCmd
